2019-01-23 09:36:58,379 INFO  [org.alfresco.solr.component.AsyncBuildSuggestComponent] Initializing SuggestComponent
2019-01-23 09:36:58,412 INFO  [org.alfresco.solr.component.AsyncBuildSuggestComponent] Initializing SuggestComponent
2019-01-23 09:36:58,901 INFO  [org.alfresco.solr.component.AsyncBuildSuggestComponent] Loading suggester index for: shingleBasedSuggestions
2019-01-23 09:36:59,385 INFO  [org.alfresco.solr.component.AsyncBuildSuggestComponent] Loaded suggester shingleBasedSuggestions, took 483 ms
2019-01-23 09:37:04,555 ERROR [org.alfresco.solr.tracker.AbstractTracker] Model tracking failed
org.alfresco.error.AlfrescoRuntimeException: 00230000 GetModelsDiff return status is 404
	at org.alfresco.solr.client.SOLRAPIClient.getModelsDiff(SOLRAPIClient.java:1181)
	at org.alfresco.solr.tracker.ModelTracker.trackModelsImpl(ModelTracker.java:256)
	at org.alfresco.solr.tracker.ModelTracker.trackModels(ModelTracker.java:214)
	at org.alfresco.solr.tracker.ModelTracker.ensureFirstModelSync(ModelTracker.java:236)
	at org.alfresco.solr.tracker.CoreWatcherJob.registerForCore(CoreWatcherJob.java:145)
	at org.alfresco.solr.tracker.CoreWatcherJob.execute(CoreWatcherJob.java:82)
	at org.quartz.core.JobRunShell.run(JobRunShell.java:216)
	at org.quartz.simpl.SimpleThreadPool$WorkerThread.run(SimpleThreadPool.java:563)
2019-01-23 09:37:05,061 ERROR [org.alfresco.solr.tracker.AbstractTracker] Model tracking failed
org.alfresco.error.AlfrescoRuntimeException: 00230001 GetModelsDiff return status is 404
	at org.alfresco.solr.client.SOLRAPIClient.getModelsDiff(SOLRAPIClient.java:1181)
	at org.alfresco.solr.tracker.ModelTracker.trackModelsImpl(ModelTracker.java:256)
	at org.alfresco.solr.tracker.ModelTracker.trackModels(ModelTracker.java:214)
	at org.alfresco.solr.tracker.ModelTracker.ensureFirstModelSync(ModelTracker.java:236)
	at org.alfresco.solr.tracker.CoreWatcherJob.registerForCore(CoreWatcherJob.java:145)
	at org.alfresco.solr.tracker.CoreWatcherJob.execute(CoreWatcherJob.java:82)
	at org.quartz.core.JobRunShell.run(JobRunShell.java:216)
	at org.quartz.simpl.SimpleThreadPool$WorkerThread.run(SimpleThreadPool.java:563)
2019-01-23 09:37:15,789 ERROR [org.alfresco.solr.tracker.AbstractTracker] Tracking failed
org.alfresco.error.AlfrescoRuntimeException: 00230002 api/solr/aclchangesets return status:404
	at org.alfresco.solr.client.SOLRAPIClient.getAclChangeSets(SOLRAPIClient.java:169)
	at org.alfresco.solr.tracker.AclTracker.checkRepoAndIndexConsistency(AclTracker.java:354)
	at org.alfresco.solr.tracker.AclTracker.trackRepository(AclTracker.java:320)
	at org.alfresco.solr.tracker.AclTracker.doTrack(AclTracker.java:111)
	at org.alfresco.solr.tracker.AbstractTracker.track(AbstractTracker.java:190)
	at org.alfresco.solr.tracker.TrackerJob.execute(TrackerJob.java:54)
	at org.quartz.core.JobRunShell.run(JobRunShell.java:216)
	at org.quartz.simpl.SimpleThreadPool$WorkerThread.run(SimpleThreadPool.java:563)
2019-01-23 09:37:15,958 ERROR [org.alfresco.solr.tracker.AbstractTracker] Tracking failed
org.alfresco.error.AlfrescoRuntimeException: 00230003 api/solr/aclchangesets return status:404
	at org.alfresco.solr.client.SOLRAPIClient.getAclChangeSets(SOLRAPIClient.java:169)
	at org.alfresco.solr.tracker.AclTracker.checkRepoAndIndexConsistency(AclTracker.java:354)
	at org.alfresco.solr.tracker.AclTracker.trackRepository(AclTracker.java:320)
	at org.alfresco.solr.tracker.AclTracker.doTrack(AclTracker.java:111)
	at org.alfresco.solr.tracker.AbstractTracker.track(AbstractTracker.java:190)
	at org.alfresco.solr.tracker.TrackerJob.execute(TrackerJob.java:54)
	at org.quartz.core.JobRunShell.run(JobRunShell.java:216)
	at org.quartz.simpl.SimpleThreadPool$WorkerThread.run(SimpleThreadPool.java:563)
2019-01-23 09:37:16,043 ERROR [org.alfresco.solr.tracker.AbstractTracker] Model tracking failed
org.alfresco.error.AlfrescoRuntimeException: 00230005 GetModelsDiff return status is 404
	at org.alfresco.solr.client.SOLRAPIClient.getModelsDiff(SOLRAPIClient.java:1181)
	at org.alfresco.solr.tracker.ModelTracker.trackModelsImpl(ModelTracker.java:256)
	at org.alfresco.solr.tracker.ModelTracker.trackModels(ModelTracker.java:214)
	at org.alfresco.solr.tracker.ModelTracker.ensureFirstModelSync(ModelTracker.java:236)
	at org.alfresco.solr.component.EnsureModelsComponent.prepare(EnsureModelsComponent.java:87)
	at org.apache.solr.handler.component.AlfrescoSearchHandler.handleRequestBody(AlfrescoSearchHandler.java:292)
	at org.apache.solr.handler.RequestHandlerBase.handleRequest(RequestHandlerBase.java:135)
	at org.alfresco.solr.Cloud.getResponse(Cloud.java:166)
	at org.alfresco.solr.Cloud.getSolrDocumentList(Cloud.java:150)
	at org.alfresco.solr.SolrInformationServer.getDocsWithUncleanContent(SolrInformationServer.java:722)
	at org.alfresco.solr.tracker.ContentTracker.doTrack(ContentTracker.java:81)
	at org.alfresco.solr.tracker.AbstractTracker.track(AbstractTracker.java:190)
	at org.alfresco.solr.tracker.TrackerJob.execute(TrackerJob.java:54)
	at org.quartz.core.JobRunShell.run(JobRunShell.java:216)
	at org.quartz.simpl.SimpleThreadPool$WorkerThread.run(SimpleThreadPool.java:563)
2019-01-23 09:37:16,130 ERROR [org.alfresco.solr.tracker.AbstractTracker] Tracking failed
org.alfresco.error.AlfrescoRuntimeException: 00230004 GetModelsDiff return status is 404
	at org.alfresco.solr.client.SOLRAPIClient.getModelsDiff(SOLRAPIClient.java:1181)
	at org.alfresco.solr.tracker.ModelTracker.trackModelsImpl(ModelTracker.java:256)
	at org.alfresco.solr.tracker.ModelTracker.trackModels(ModelTracker.java:214)
	at org.alfresco.solr.tracker.ModelTracker.doTrack(ModelTracker.java:174)
	at org.alfresco.solr.tracker.AbstractTracker.track(AbstractTracker.java:190)
	at org.alfresco.solr.tracker.TrackerJob.execute(TrackerJob.java:54)
	at org.quartz.core.JobRunShell.run(JobRunShell.java:216)
	at org.quartz.simpl.SimpleThreadPool$WorkerThread.run(SimpleThreadPool.java:563)
2019-01-23 09:37:16,231 ERROR [org.alfresco.solr.tracker.AbstractTracker] Model tracking failed
org.alfresco.error.AlfrescoRuntimeException: 00230006 GetModelsDiff return status is 404
	at org.alfresco.solr.client.SOLRAPIClient.getModelsDiff(SOLRAPIClient.java:1181)
	at org.alfresco.solr.tracker.ModelTracker.trackModelsImpl(ModelTracker.java:256)
	at org.alfresco.solr.tracker.ModelTracker.trackModels(ModelTracker.java:214)
	at org.alfresco.solr.tracker.ModelTracker.ensureFirstModelSync(ModelTracker.java:236)
	at org.alfresco.solr.component.EnsureModelsComponent.prepare(EnsureModelsComponent.java:87)
	at org.apache.solr.handler.component.AlfrescoSearchHandler.handleRequestBody(AlfrescoSearchHandler.java:292)
	at org.apache.solr.handler.RequestHandlerBase.handleRequest(RequestHandlerBase.java:135)
	at org.alfresco.solr.Cloud.getResponse(Cloud.java:166)
	at org.alfresco.solr.Cloud.getSolrDocumentList(Cloud.java:150)
	at org.alfresco.solr.SolrInformationServer.getDocsWithUncleanContent(SolrInformationServer.java:722)
	at org.alfresco.solr.tracker.ContentTracker.doTrack(ContentTracker.java:81)
	at org.alfresco.solr.tracker.AbstractTracker.track(AbstractTracker.java:190)
	at org.alfresco.solr.tracker.TrackerJob.execute(TrackerJob.java:54)
	at org.quartz.core.JobRunShell.run(JobRunShell.java:216)
	at org.quartz.simpl.SimpleThreadPool$WorkerThread.run(SimpleThreadPool.java:563)
2019-01-23 09:37:30,044 ERROR [org.alfresco.solr.tracker.AbstractTracker] Model tracking failed
org.alfresco.error.AlfrescoRuntimeException: 00230009 GetModelsDiff return status is 404
	at org.alfresco.solr.client.SOLRAPIClient.getModelsDiff(SOLRAPIClient.java:1181)
	at org.alfresco.solr.tracker.ModelTracker.trackModelsImpl(ModelTracker.java:256)
	at org.alfresco.solr.tracker.ModelTracker.trackModels(ModelTracker.java:214)
	at org.alfresco.solr.tracker.ModelTracker.ensureFirstModelSync(ModelTracker.java:236)
	at org.alfresco.solr.component.EnsureModelsComponent.prepare(EnsureModelsComponent.java:87)
	at org.apache.solr.handler.component.AlfrescoSearchHandler.handleRequestBody(AlfrescoSearchHandler.java:292)
	at org.apache.solr.handler.RequestHandlerBase.handleRequest(RequestHandlerBase.java:135)
	at org.alfresco.solr.Cloud.getResponse(Cloud.java:166)
	at org.alfresco.solr.Cloud.getSolrDocumentList(Cloud.java:150)
	at org.alfresco.solr.SolrInformationServer.getDocsWithUncleanContent(SolrInformationServer.java:722)
	at org.alfresco.solr.tracker.ContentTracker.doTrack(ContentTracker.java:81)
	at org.alfresco.solr.tracker.AbstractTracker.track(AbstractTracker.java:190)
	at org.alfresco.solr.tracker.TrackerJob.execute(TrackerJob.java:54)
	at org.quartz.core.JobRunShell.run(JobRunShell.java:216)
	at org.quartz.simpl.SimpleThreadPool$WorkerThread.run(SimpleThreadPool.java:563)
2019-01-23 09:37:30,104 ERROR [org.alfresco.solr.tracker.AbstractTracker] Model tracking failed
org.alfresco.error.AlfrescoRuntimeException: 00230010 GetModelsDiff return status is 404
	at org.alfresco.solr.client.SOLRAPIClient.getModelsDiff(SOLRAPIClient.java:1181)
	at org.alfresco.solr.tracker.ModelTracker.trackModelsImpl(ModelTracker.java:256)
	at org.alfresco.solr.tracker.ModelTracker.trackModels(ModelTracker.java:214)
	at org.alfresco.solr.tracker.ModelTracker.ensureFirstModelSync(ModelTracker.java:236)
	at org.alfresco.solr.component.EnsureModelsComponent.prepare(EnsureModelsComponent.java:87)
	at org.apache.solr.handler.component.AlfrescoSearchHandler.handleRequestBody(AlfrescoSearchHandler.java:292)
	at org.apache.solr.handler.RequestHandlerBase.handleRequest(RequestHandlerBase.java:135)
	at org.alfresco.solr.Cloud.getResponse(Cloud.java:166)
	at org.alfresco.solr.Cloud.getSolrDocumentList(Cloud.java:150)
	at org.alfresco.solr.SolrInformationServer.getDocsWithUncleanContent(SolrInformationServer.java:722)
	at org.alfresco.solr.tracker.ContentTracker.doTrack(ContentTracker.java:81)
	at org.alfresco.solr.tracker.AbstractTracker.track(AbstractTracker.java:190)
	at org.alfresco.solr.tracker.TrackerJob.execute(TrackerJob.java:54)
	at org.quartz.core.JobRunShell.run(JobRunShell.java:216)
	at org.quartz.simpl.SimpleThreadPool$WorkerThread.run(SimpleThreadPool.java:563)
2019-01-23 09:37:30,211 ERROR [org.alfresco.solr.tracker.AbstractTracker] Tracking failed
org.alfresco.error.AlfrescoRuntimeException: 00230008 api/solr/aclchangesets return status:404
	at org.alfresco.solr.client.SOLRAPIClient.getAclChangeSets(SOLRAPIClient.java:169)
	at org.alfresco.solr.tracker.AclTracker.checkRepoAndIndexConsistency(AclTracker.java:354)
	at org.alfresco.solr.tracker.AclTracker.trackRepository(AclTracker.java:320)
	at org.alfresco.solr.tracker.AclTracker.doTrack(AclTracker.java:111)
	at org.alfresco.solr.tracker.AbstractTracker.track(AbstractTracker.java:190)
	at org.alfresco.solr.tracker.TrackerJob.execute(TrackerJob.java:54)
	at org.quartz.core.JobRunShell.run(JobRunShell.java:216)
	at org.quartz.simpl.SimpleThreadPool$WorkerThread.run(SimpleThreadPool.java:563)
2019-01-23 09:37:30,237 ERROR [org.alfresco.solr.tracker.AbstractTracker] Tracking failed
org.alfresco.error.AlfrescoRuntimeException: 00230007 api/solr/aclchangesets return status:404
	at org.alfresco.solr.client.SOLRAPIClient.getAclChangeSets(SOLRAPIClient.java:169)
	at org.alfresco.solr.tracker.AclTracker.checkRepoAndIndexConsistency(AclTracker.java:354)
	at org.alfresco.solr.tracker.AclTracker.trackRepository(AclTracker.java:320)
	at org.alfresco.solr.tracker.AclTracker.doTrack(AclTracker.java:111)
	at org.alfresco.solr.tracker.AbstractTracker.track(AbstractTracker.java:190)
	at org.alfresco.solr.tracker.TrackerJob.execute(TrackerJob.java:54)
	at org.quartz.core.JobRunShell.run(JobRunShell.java:216)
	at org.quartz.simpl.SimpleThreadPool$WorkerThread.run(SimpleThreadPool.java:563)
2019-01-23 09:37:30,253 ERROR [org.alfresco.solr.tracker.AbstractTracker] Tracking failed
org.alfresco.error.AlfrescoRuntimeException: 00230011 GetModelsDiff return status is 404
	at org.alfresco.solr.client.SOLRAPIClient.getModelsDiff(SOLRAPIClient.java:1181)
	at org.alfresco.solr.tracker.ModelTracker.trackModelsImpl(ModelTracker.java:256)
	at org.alfresco.solr.tracker.ModelTracker.trackModels(ModelTracker.java:214)
	at org.alfresco.solr.tracker.ModelTracker.doTrack(ModelTracker.java:174)
	at org.alfresco.solr.tracker.AbstractTracker.track(AbstractTracker.java:190)
	at org.alfresco.solr.tracker.TrackerJob.execute(TrackerJob.java:54)
	at org.quartz.core.JobRunShell.run(JobRunShell.java:216)
	at org.quartz.simpl.SimpleThreadPool$WorkerThread.run(SimpleThreadPool.java:563)
2019-01-23 09:37:45,260 ERROR [org.alfresco.solr.tracker.AbstractTracker] Model tracking failed
org.alfresco.error.AlfrescoRuntimeException: 00230014 GetModelsDiff return status is 404
	at org.alfresco.solr.client.SOLRAPIClient.getModelsDiff(SOLRAPIClient.java:1181)
	at org.alfresco.solr.tracker.ModelTracker.trackModelsImpl(ModelTracker.java:256)
	at org.alfresco.solr.tracker.ModelTracker.trackModels(ModelTracker.java:214)
	at org.alfresco.solr.tracker.ModelTracker.ensureFirstModelSync(ModelTracker.java:236)
	at org.alfresco.solr.component.EnsureModelsComponent.prepare(EnsureModelsComponent.java:87)
	at org.apache.solr.handler.component.AlfrescoSearchHandler.handleRequestBody(AlfrescoSearchHandler.java:292)
	at org.apache.solr.handler.RequestHandlerBase.handleRequest(RequestHandlerBase.java:135)
	at org.alfresco.solr.Cloud.getResponse(Cloud.java:166)
	at org.alfresco.solr.Cloud.getSolrDocumentList(Cloud.java:150)
	at org.alfresco.solr.SolrInformationServer.getDocsWithUncleanContent(SolrInformationServer.java:722)
	at org.alfresco.solr.tracker.ContentTracker.doTrack(ContentTracker.java:81)
	at org.alfresco.solr.tracker.AbstractTracker.track(AbstractTracker.java:190)
	at org.alfresco.solr.tracker.TrackerJob.execute(TrackerJob.java:54)
	at org.quartz.core.JobRunShell.run(JobRunShell.java:216)
	at org.quartz.simpl.SimpleThreadPool$WorkerThread.run(SimpleThreadPool.java:563)
2019-01-23 09:37:45,375 ERROR [org.alfresco.solr.tracker.AbstractTracker] Model tracking failed
org.alfresco.error.AlfrescoRuntimeException: 00230016 GetModelsDiff return status is 404
	at org.alfresco.solr.client.SOLRAPIClient.getModelsDiff(SOLRAPIClient.java:1181)
	at org.alfresco.solr.tracker.ModelTracker.trackModelsImpl(ModelTracker.java:256)
	at org.alfresco.solr.tracker.ModelTracker.trackModels(ModelTracker.java:214)
	at org.alfresco.solr.tracker.ModelTracker.ensureFirstModelSync(ModelTracker.java:236)
	at org.alfresco.solr.component.EnsureModelsComponent.prepare(EnsureModelsComponent.java:87)
	at org.apache.solr.handler.component.AlfrescoSearchHandler.handleRequestBody(AlfrescoSearchHandler.java:292)
	at org.apache.solr.handler.RequestHandlerBase.handleRequest(RequestHandlerBase.java:135)
	at org.alfresco.solr.Cloud.getResponse(Cloud.java:166)
	at org.alfresco.solr.Cloud.getSolrDocumentList(Cloud.java:150)
	at org.alfresco.solr.SolrInformationServer.getDocsWithUncleanContent(SolrInformationServer.java:722)
	at org.alfresco.solr.tracker.ContentTracker.doTrack(ContentTracker.java:81)
	at org.alfresco.solr.tracker.AbstractTracker.track(AbstractTracker.java:190)
	at org.alfresco.solr.tracker.TrackerJob.execute(TrackerJob.java:54)
	at org.quartz.core.JobRunShell.run(JobRunShell.java:216)
	at org.quartz.simpl.SimpleThreadPool$WorkerThread.run(SimpleThreadPool.java:563)
2019-01-23 09:37:45,464 ERROR [org.alfresco.solr.tracker.AbstractTracker] Tracking failed
org.alfresco.error.AlfrescoRuntimeException: 00230012 api/solr/aclchangesets return status:404
	at org.alfresco.solr.client.SOLRAPIClient.getAclChangeSets(SOLRAPIClient.java:169)
	at org.alfresco.solr.tracker.AclTracker.checkRepoAndIndexConsistency(AclTracker.java:354)
	at org.alfresco.solr.tracker.AclTracker.trackRepository(AclTracker.java:320)
	at org.alfresco.solr.tracker.AclTracker.doTrack(AclTracker.java:111)
	at org.alfresco.solr.tracker.AbstractTracker.track(AbstractTracker.java:190)
	at org.alfresco.solr.tracker.TrackerJob.execute(TrackerJob.java:54)
	at org.quartz.core.JobRunShell.run(JobRunShell.java:216)
	at org.quartz.simpl.SimpleThreadPool$WorkerThread.run(SimpleThreadPool.java:563)
2019-01-23 09:37:45,673 ERROR [org.alfresco.solr.tracker.AbstractTracker] Tracking failed
org.alfresco.error.AlfrescoRuntimeException: 00230013 api/solr/aclchangesets return status:404
	at org.alfresco.solr.client.SOLRAPIClient.getAclChangeSets(SOLRAPIClient.java:169)
	at org.alfresco.solr.tracker.AclTracker.checkRepoAndIndexConsistency(AclTracker.java:354)
	at org.alfresco.solr.tracker.AclTracker.trackRepository(AclTracker.java:320)
	at org.alfresco.solr.tracker.AclTracker.doTrack(AclTracker.java:111)
	at org.alfresco.solr.tracker.AbstractTracker.track(AbstractTracker.java:190)
	at org.alfresco.solr.tracker.TrackerJob.execute(TrackerJob.java:54)
	at org.quartz.core.JobRunShell.run(JobRunShell.java:216)
	at org.quartz.simpl.SimpleThreadPool$WorkerThread.run(SimpleThreadPool.java:563)
2019-01-23 09:37:45,718 ERROR [org.alfresco.solr.tracker.AbstractTracker] Tracking failed
org.alfresco.error.AlfrescoRuntimeException: 00230015 GetModelsDiff return status is 404
	at org.alfresco.solr.client.SOLRAPIClient.getModelsDiff(SOLRAPIClient.java:1181)
	at org.alfresco.solr.tracker.ModelTracker.trackModelsImpl(ModelTracker.java:256)
	at org.alfresco.solr.tracker.ModelTracker.trackModels(ModelTracker.java:214)
	at org.alfresco.solr.tracker.ModelTracker.doTrack(ModelTracker.java:174)
	at org.alfresco.solr.tracker.AbstractTracker.track(AbstractTracker.java:190)
	at org.alfresco.solr.tracker.TrackerJob.execute(TrackerJob.java:54)
	at org.quartz.core.JobRunShell.run(JobRunShell.java:216)
	at org.quartz.simpl.SimpleThreadPool$WorkerThread.run(SimpleThreadPool.java:563)
2019-01-23 09:38:00,057 ERROR [org.alfresco.solr.tracker.AbstractTracker] Tracking failed
org.alfresco.error.AlfrescoRuntimeException: 00230018 api/solr/aclchangesets return status:404
	at org.alfresco.solr.client.SOLRAPIClient.getAclChangeSets(SOLRAPIClient.java:169)
	at org.alfresco.solr.tracker.AclTracker.checkRepoAndIndexConsistency(AclTracker.java:354)
	at org.alfresco.solr.tracker.AclTracker.trackRepository(AclTracker.java:320)
	at org.alfresco.solr.tracker.AclTracker.doTrack(AclTracker.java:111)
	at org.alfresco.solr.tracker.AbstractTracker.track(AbstractTracker.java:190)
	at org.alfresco.solr.tracker.TrackerJob.execute(TrackerJob.java:54)
	at org.quartz.core.JobRunShell.run(JobRunShell.java:216)
	at org.quartz.simpl.SimpleThreadPool$WorkerThread.run(SimpleThreadPool.java:563)
2019-01-23 09:38:00,066 ERROR [org.alfresco.solr.tracker.AbstractTracker] Tracking failed
org.alfresco.error.AlfrescoRuntimeException: 00230017 api/solr/aclchangesets return status:404
	at org.alfresco.solr.client.SOLRAPIClient.getAclChangeSets(SOLRAPIClient.java:169)
	at org.alfresco.solr.tracker.AclTracker.checkRepoAndIndexConsistency(AclTracker.java:354)
	at org.alfresco.solr.tracker.AclTracker.trackRepository(AclTracker.java:320)
	at org.alfresco.solr.tracker.AclTracker.doTrack(AclTracker.java:111)
	at org.alfresco.solr.tracker.AbstractTracker.track(AbstractTracker.java:190)
	at org.alfresco.solr.tracker.TrackerJob.execute(TrackerJob.java:54)
	at org.quartz.core.JobRunShell.run(JobRunShell.java:216)
	at org.quartz.simpl.SimpleThreadPool$WorkerThread.run(SimpleThreadPool.java:563)
2019-01-23 09:38:00,089 ERROR [org.alfresco.solr.tracker.AbstractTracker] Model tracking failed
org.alfresco.error.AlfrescoRuntimeException: 00230019 GetModelsDiff return status is 404
	at org.alfresco.solr.client.SOLRAPIClient.getModelsDiff(SOLRAPIClient.java:1181)
	at org.alfresco.solr.tracker.ModelTracker.trackModelsImpl(ModelTracker.java:256)
	at org.alfresco.solr.tracker.ModelTracker.trackModels(ModelTracker.java:214)
	at org.alfresco.solr.tracker.ModelTracker.ensureFirstModelSync(ModelTracker.java:236)
	at org.alfresco.solr.component.EnsureModelsComponent.prepare(EnsureModelsComponent.java:87)
	at org.apache.solr.handler.component.AlfrescoSearchHandler.handleRequestBody(AlfrescoSearchHandler.java:292)
	at org.apache.solr.handler.RequestHandlerBase.handleRequest(RequestHandlerBase.java:135)
	at org.alfresco.solr.Cloud.getResponse(Cloud.java:166)
	at org.alfresco.solr.Cloud.getSolrDocumentList(Cloud.java:150)
	at org.alfresco.solr.SolrInformationServer.getDocsWithUncleanContent(SolrInformationServer.java:722)
	at org.alfresco.solr.tracker.ContentTracker.doTrack(ContentTracker.java:81)
	at org.alfresco.solr.tracker.AbstractTracker.track(AbstractTracker.java:190)
	at org.alfresco.solr.tracker.TrackerJob.execute(TrackerJob.java:54)
	at org.quartz.core.JobRunShell.run(JobRunShell.java:216)
	at org.quartz.simpl.SimpleThreadPool$WorkerThread.run(SimpleThreadPool.java:563)
2019-01-23 09:38:00,114 ERROR [org.alfresco.solr.tracker.AbstractTracker] Model tracking failed
org.alfresco.error.AlfrescoRuntimeException: 00230020 GetModelsDiff return status is 404
	at org.alfresco.solr.client.SOLRAPIClient.getModelsDiff(SOLRAPIClient.java:1181)
	at org.alfresco.solr.tracker.ModelTracker.trackModelsImpl(ModelTracker.java:256)
	at org.alfresco.solr.tracker.ModelTracker.trackModels(ModelTracker.java:214)
	at org.alfresco.solr.tracker.ModelTracker.ensureFirstModelSync(ModelTracker.java:236)
	at org.alfresco.solr.component.EnsureModelsComponent.prepare(EnsureModelsComponent.java:87)
	at org.apache.solr.handler.component.AlfrescoSearchHandler.handleRequestBody(AlfrescoSearchHandler.java:292)
	at org.apache.solr.handler.RequestHandlerBase.handleRequest(RequestHandlerBase.java:135)
	at org.alfresco.solr.Cloud.getResponse(Cloud.java:166)
	at org.alfresco.solr.Cloud.getSolrDocumentList(Cloud.java:150)
	at org.alfresco.solr.SolrInformationServer.getDocsWithUncleanContent(SolrInformationServer.java:722)
	at org.alfresco.solr.tracker.ContentTracker.doTrack(ContentTracker.java:81)
	at org.alfresco.solr.tracker.AbstractTracker.track(AbstractTracker.java:190)
	at org.alfresco.solr.tracker.TrackerJob.execute(TrackerJob.java:54)
	at org.quartz.core.JobRunShell.run(JobRunShell.java:216)
	at org.quartz.simpl.SimpleThreadPool$WorkerThread.run(SimpleThreadPool.java:563)
2019-01-23 09:38:00,177 ERROR [org.alfresco.solr.tracker.AbstractTracker] Tracking failed
org.alfresco.error.AlfrescoRuntimeException: 00230021 GetModelsDiff return status is 404
	at org.alfresco.solr.client.SOLRAPIClient.getModelsDiff(SOLRAPIClient.java:1181)
	at org.alfresco.solr.tracker.ModelTracker.trackModelsImpl(ModelTracker.java:256)
	at org.alfresco.solr.tracker.ModelTracker.trackModels(ModelTracker.java:214)
	at org.alfresco.solr.tracker.ModelTracker.doTrack(ModelTracker.java:174)
	at org.alfresco.solr.tracker.AbstractTracker.track(AbstractTracker.java:190)
	at org.alfresco.solr.tracker.TrackerJob.execute(TrackerJob.java:54)
	at org.quartz.core.JobRunShell.run(JobRunShell.java:216)
	at org.quartz.simpl.SimpleThreadPool$WorkerThread.run(SimpleThreadPool.java:563)
2019-01-23 09:38:15,043 ERROR [org.alfresco.solr.tracker.AbstractTracker] Model tracking failed
org.alfresco.error.AlfrescoRuntimeException: 00230024 GetModelsDiff return status is 404
	at org.alfresco.solr.client.SOLRAPIClient.getModelsDiff(SOLRAPIClient.java:1181)
	at org.alfresco.solr.tracker.ModelTracker.trackModelsImpl(ModelTracker.java:256)
	at org.alfresco.solr.tracker.ModelTracker.trackModels(ModelTracker.java:214)
	at org.alfresco.solr.tracker.ModelTracker.ensureFirstModelSync(ModelTracker.java:236)
	at org.alfresco.solr.component.EnsureModelsComponent.prepare(EnsureModelsComponent.java:87)
	at org.apache.solr.handler.component.AlfrescoSearchHandler.handleRequestBody(AlfrescoSearchHandler.java:292)
	at org.apache.solr.handler.RequestHandlerBase.handleRequest(RequestHandlerBase.java:135)
	at org.alfresco.solr.Cloud.getResponse(Cloud.java:166)
	at org.alfresco.solr.Cloud.getSolrDocumentList(Cloud.java:150)
	at org.alfresco.solr.SolrInformationServer.getDocsWithUncleanContent(SolrInformationServer.java:722)
	at org.alfresco.solr.tracker.ContentTracker.doTrack(ContentTracker.java:81)
	at org.alfresco.solr.tracker.AbstractTracker.track(AbstractTracker.java:190)
	at org.alfresco.solr.tracker.TrackerJob.execute(TrackerJob.java:54)
	at org.quartz.core.JobRunShell.run(JobRunShell.java:216)
	at org.quartz.simpl.SimpleThreadPool$WorkerThread.run(SimpleThreadPool.java:563)
2019-01-23 09:38:15,094 ERROR [org.alfresco.solr.tracker.AbstractTracker] Model tracking failed
org.alfresco.error.AlfrescoRuntimeException: 00230025 GetModelsDiff return status is 404
	at org.alfresco.solr.client.SOLRAPIClient.getModelsDiff(SOLRAPIClient.java:1181)
	at org.alfresco.solr.tracker.ModelTracker.trackModelsImpl(ModelTracker.java:256)
	at org.alfresco.solr.tracker.ModelTracker.trackModels(ModelTracker.java:214)
	at org.alfresco.solr.tracker.ModelTracker.ensureFirstModelSync(ModelTracker.java:236)
	at org.alfresco.solr.component.EnsureModelsComponent.prepare(EnsureModelsComponent.java:87)
	at org.apache.solr.handler.component.AlfrescoSearchHandler.handleRequestBody(AlfrescoSearchHandler.java:292)
	at org.apache.solr.handler.RequestHandlerBase.handleRequest(RequestHandlerBase.java:135)
	at org.alfresco.solr.Cloud.getResponse(Cloud.java:166)
	at org.alfresco.solr.Cloud.getSolrDocumentList(Cloud.java:150)
	at org.alfresco.solr.SolrInformationServer.getDocsWithUncleanContent(SolrInformationServer.java:722)
	at org.alfresco.solr.tracker.ContentTracker.doTrack(ContentTracker.java:81)
	at org.alfresco.solr.tracker.AbstractTracker.track(AbstractTracker.java:190)
	at org.alfresco.solr.tracker.TrackerJob.execute(TrackerJob.java:54)
	at org.quartz.core.JobRunShell.run(JobRunShell.java:216)
	at org.quartz.simpl.SimpleThreadPool$WorkerThread.run(SimpleThreadPool.java:563)
2019-01-23 09:38:15,145 ERROR [org.alfresco.solr.tracker.AbstractTracker] Tracking failed
org.alfresco.error.AlfrescoRuntimeException: 00230023 api/solr/aclchangesets return status:404
	at org.alfresco.solr.client.SOLRAPIClient.getAclChangeSets(SOLRAPIClient.java:169)
	at org.alfresco.solr.tracker.AclTracker.checkRepoAndIndexConsistency(AclTracker.java:354)
	at org.alfresco.solr.tracker.AclTracker.trackRepository(AclTracker.java:320)
	at org.alfresco.solr.tracker.AclTracker.doTrack(AclTracker.java:111)
	at org.alfresco.solr.tracker.AbstractTracker.track(AbstractTracker.java:190)
	at org.alfresco.solr.tracker.TrackerJob.execute(TrackerJob.java:54)
	at org.quartz.core.JobRunShell.run(JobRunShell.java:216)
	at org.quartz.simpl.SimpleThreadPool$WorkerThread.run(SimpleThreadPool.java:563)
2019-01-23 09:38:15,147 ERROR [org.alfresco.solr.tracker.AbstractTracker] Tracking failed
org.alfresco.error.AlfrescoRuntimeException: 00230022 api/solr/aclchangesets return status:404
	at org.alfresco.solr.client.SOLRAPIClient.getAclChangeSets(SOLRAPIClient.java:169)
	at org.alfresco.solr.tracker.AclTracker.checkRepoAndIndexConsistency(AclTracker.java:354)
	at org.alfresco.solr.tracker.AclTracker.trackRepository(AclTracker.java:320)
	at org.alfresco.solr.tracker.AclTracker.doTrack(AclTracker.java:111)
	at org.alfresco.solr.tracker.AbstractTracker.track(AbstractTracker.java:190)
	at org.alfresco.solr.tracker.TrackerJob.execute(TrackerJob.java:54)
	at org.quartz.core.JobRunShell.run(JobRunShell.java:216)
	at org.quartz.simpl.SimpleThreadPool$WorkerThread.run(SimpleThreadPool.java:563)
2019-01-23 09:38:15,410 ERROR [org.alfresco.solr.tracker.AbstractTracker] Tracking failed
org.alfresco.error.AlfrescoRuntimeException: 00230026 GetModelsDiff return status is 404
	at org.alfresco.solr.client.SOLRAPIClient.getModelsDiff(SOLRAPIClient.java:1181)
	at org.alfresco.solr.tracker.ModelTracker.trackModelsImpl(ModelTracker.java:256)
	at org.alfresco.solr.tracker.ModelTracker.trackModels(ModelTracker.java:214)
	at org.alfresco.solr.tracker.ModelTracker.doTrack(ModelTracker.java:174)
	at org.alfresco.solr.tracker.AbstractTracker.track(AbstractTracker.java:190)
	at org.alfresco.solr.tracker.TrackerJob.execute(TrackerJob.java:54)
	at org.quartz.core.JobRunShell.run(JobRunShell.java:216)
	at org.quartz.simpl.SimpleThreadPool$WorkerThread.run(SimpleThreadPool.java:563)
2019-01-23 09:38:30,037 ERROR [org.alfresco.solr.tracker.AbstractTracker] Model tracking failed
org.alfresco.error.AlfrescoRuntimeException: 00230029 GetModelsDiff return status is 404
	at org.alfresco.solr.client.SOLRAPIClient.getModelsDiff(SOLRAPIClient.java:1181)
	at org.alfresco.solr.tracker.ModelTracker.trackModelsImpl(ModelTracker.java:256)
	at org.alfresco.solr.tracker.ModelTracker.trackModels(ModelTracker.java:214)
	at org.alfresco.solr.tracker.ModelTracker.ensureFirstModelSync(ModelTracker.java:236)
	at org.alfresco.solr.component.EnsureModelsComponent.prepare(EnsureModelsComponent.java:87)
	at org.apache.solr.handler.component.AlfrescoSearchHandler.handleRequestBody(AlfrescoSearchHandler.java:292)
	at org.apache.solr.handler.RequestHandlerBase.handleRequest(RequestHandlerBase.java:135)
	at org.alfresco.solr.Cloud.getResponse(Cloud.java:166)
	at org.alfresco.solr.Cloud.getSolrDocumentList(Cloud.java:150)
	at org.alfresco.solr.SolrInformationServer.getDocsWithUncleanContent(SolrInformationServer.java:722)
	at org.alfresco.solr.tracker.ContentTracker.doTrack(ContentTracker.java:81)
	at org.alfresco.solr.tracker.AbstractTracker.track(AbstractTracker.java:190)
	at org.alfresco.solr.tracker.TrackerJob.execute(TrackerJob.java:54)
	at org.quartz.core.JobRunShell.run(JobRunShell.java:216)
	at org.quartz.simpl.SimpleThreadPool$WorkerThread.run(SimpleThreadPool.java:563)
2019-01-23 09:38:30,150 ERROR [org.alfresco.solr.tracker.AbstractTracker] Model tracking failed
org.alfresco.error.AlfrescoRuntimeException: 00230030 GetModelsDiff return status is 404
	at org.alfresco.solr.client.SOLRAPIClient.getModelsDiff(SOLRAPIClient.java:1181)
	at org.alfresco.solr.tracker.ModelTracker.trackModelsImpl(ModelTracker.java:256)
	at org.alfresco.solr.tracker.ModelTracker.trackModels(ModelTracker.java:214)
	at org.alfresco.solr.tracker.ModelTracker.ensureFirstModelSync(ModelTracker.java:236)
	at org.alfresco.solr.component.EnsureModelsComponent.prepare(EnsureModelsComponent.java:87)
	at org.apache.solr.handler.component.AlfrescoSearchHandler.handleRequestBody(AlfrescoSearchHandler.java:292)
	at org.apache.solr.handler.RequestHandlerBase.handleRequest(RequestHandlerBase.java:135)
	at org.alfresco.solr.Cloud.getResponse(Cloud.java:166)
	at org.alfresco.solr.Cloud.getSolrDocumentList(Cloud.java:150)
	at org.alfresco.solr.SolrInformationServer.getDocsWithUncleanContent(SolrInformationServer.java:722)
	at org.alfresco.solr.tracker.ContentTracker.doTrack(ContentTracker.java:81)
	at org.alfresco.solr.tracker.AbstractTracker.track(AbstractTracker.java:190)
	at org.alfresco.solr.tracker.TrackerJob.execute(TrackerJob.java:54)
	at org.quartz.core.JobRunShell.run(JobRunShell.java:216)
	at org.quartz.simpl.SimpleThreadPool$WorkerThread.run(SimpleThreadPool.java:563)
2019-01-23 09:38:30,171 ERROR [org.alfresco.solr.tracker.AbstractTracker] Tracking failed
org.alfresco.error.AlfrescoRuntimeException: 00230027 api/solr/aclchangesets return status:404
	at org.alfresco.solr.client.SOLRAPIClient.getAclChangeSets(SOLRAPIClient.java:169)
	at org.alfresco.solr.tracker.AclTracker.checkRepoAndIndexConsistency(AclTracker.java:354)
	at org.alfresco.solr.tracker.AclTracker.trackRepository(AclTracker.java:320)
	at org.alfresco.solr.tracker.AclTracker.doTrack(AclTracker.java:111)
	at org.alfresco.solr.tracker.AbstractTracker.track(AbstractTracker.java:190)
	at org.alfresco.solr.tracker.TrackerJob.execute(TrackerJob.java:54)
	at org.quartz.core.JobRunShell.run(JobRunShell.java:216)
	at org.quartz.simpl.SimpleThreadPool$WorkerThread.run(SimpleThreadPool.java:563)
2019-01-23 09:38:30,190 ERROR [org.alfresco.solr.tracker.AbstractTracker] Tracking failed
org.alfresco.error.AlfrescoRuntimeException: 00230028 api/solr/aclchangesets return status:404
	at org.alfresco.solr.client.SOLRAPIClient.getAclChangeSets(SOLRAPIClient.java:169)
	at org.alfresco.solr.tracker.AclTracker.checkRepoAndIndexConsistency(AclTracker.java:354)
	at org.alfresco.solr.tracker.AclTracker.trackRepository(AclTracker.java:320)
	at org.alfresco.solr.tracker.AclTracker.doTrack(AclTracker.java:111)
	at org.alfresco.solr.tracker.AbstractTracker.track(AbstractTracker.java:190)
	at org.alfresco.solr.tracker.TrackerJob.execute(TrackerJob.java:54)
	at org.quartz.core.JobRunShell.run(JobRunShell.java:216)
	at org.quartz.simpl.SimpleThreadPool$WorkerThread.run(SimpleThreadPool.java:563)
2019-01-23 09:38:30,205 ERROR [org.alfresco.solr.tracker.AbstractTracker] Tracking failed
org.alfresco.error.AlfrescoRuntimeException: 00230031 GetModelsDiff return status is 404
	at org.alfresco.solr.client.SOLRAPIClient.getModelsDiff(SOLRAPIClient.java:1181)
	at org.alfresco.solr.tracker.ModelTracker.trackModelsImpl(ModelTracker.java:256)
	at org.alfresco.solr.tracker.ModelTracker.trackModels(ModelTracker.java:214)
	at org.alfresco.solr.tracker.ModelTracker.doTrack(ModelTracker.java:174)
	at org.alfresco.solr.tracker.AbstractTracker.track(AbstractTracker.java:190)
	at org.alfresco.solr.tracker.TrackerJob.execute(TrackerJob.java:54)
	at org.quartz.core.JobRunShell.run(JobRunShell.java:216)
	at org.quartz.simpl.SimpleThreadPool$WorkerThread.run(SimpleThreadPool.java:563)
2019-01-23 09:38:45,103 ERROR [org.alfresco.solr.tracker.AbstractTracker] Model tracking failed
org.alfresco.error.AlfrescoRuntimeException: 00230034 GetModelsDiff return status is 404
	at org.alfresco.solr.client.SOLRAPIClient.getModelsDiff(SOLRAPIClient.java:1181)
	at org.alfresco.solr.tracker.ModelTracker.trackModelsImpl(ModelTracker.java:256)
	at org.alfresco.solr.tracker.ModelTracker.trackModels(ModelTracker.java:214)
	at org.alfresco.solr.tracker.ModelTracker.ensureFirstModelSync(ModelTracker.java:236)
	at org.alfresco.solr.component.EnsureModelsComponent.prepare(EnsureModelsComponent.java:87)
	at org.apache.solr.handler.component.AlfrescoSearchHandler.handleRequestBody(AlfrescoSearchHandler.java:292)
	at org.apache.solr.handler.RequestHandlerBase.handleRequest(RequestHandlerBase.java:135)
	at org.alfresco.solr.Cloud.getResponse(Cloud.java:166)
	at org.alfresco.solr.Cloud.getSolrDocumentList(Cloud.java:150)
	at org.alfresco.solr.SolrInformationServer.getDocsWithUncleanContent(SolrInformationServer.java:722)
	at org.alfresco.solr.tracker.ContentTracker.doTrack(ContentTracker.java:81)
	at org.alfresco.solr.tracker.AbstractTracker.track(AbstractTracker.java:190)
	at org.alfresco.solr.tracker.TrackerJob.execute(TrackerJob.java:54)
	at org.quartz.core.JobRunShell.run(JobRunShell.java:216)
	at org.quartz.simpl.SimpleThreadPool$WorkerThread.run(SimpleThreadPool.java:563)
2019-01-23 09:38:45,137 ERROR [org.alfresco.solr.tracker.AbstractTracker] Model tracking failed
org.alfresco.error.AlfrescoRuntimeException: 00230035 GetModelsDiff return status is 404
	at org.alfresco.solr.client.SOLRAPIClient.getModelsDiff(SOLRAPIClient.java:1181)
	at org.alfresco.solr.tracker.ModelTracker.trackModelsImpl(ModelTracker.java:256)
	at org.alfresco.solr.tracker.ModelTracker.trackModels(ModelTracker.java:214)
	at org.alfresco.solr.tracker.ModelTracker.ensureFirstModelSync(ModelTracker.java:236)
	at org.alfresco.solr.component.EnsureModelsComponent.prepare(EnsureModelsComponent.java:87)
	at org.apache.solr.handler.component.AlfrescoSearchHandler.handleRequestBody(AlfrescoSearchHandler.java:292)
	at org.apache.solr.handler.RequestHandlerBase.handleRequest(RequestHandlerBase.java:135)
	at org.alfresco.solr.Cloud.getResponse(Cloud.java:166)
	at org.alfresco.solr.Cloud.getSolrDocumentList(Cloud.java:150)
	at org.alfresco.solr.SolrInformationServer.getDocsWithUncleanContent(SolrInformationServer.java:722)
	at org.alfresco.solr.tracker.ContentTracker.doTrack(ContentTracker.java:81)
	at org.alfresco.solr.tracker.AbstractTracker.track(AbstractTracker.java:190)
	at org.alfresco.solr.tracker.TrackerJob.execute(TrackerJob.java:54)
	at org.quartz.core.JobRunShell.run(JobRunShell.java:216)
	at org.quartz.simpl.SimpleThreadPool$WorkerThread.run(SimpleThreadPool.java:563)
2019-01-23 09:38:45,240 ERROR [org.alfresco.solr.tracker.AbstractTracker] Tracking failed
org.alfresco.error.AlfrescoRuntimeException: 00230032 api/solr/aclchangesets return status:404
	at org.alfresco.solr.client.SOLRAPIClient.getAclChangeSets(SOLRAPIClient.java:169)
	at org.alfresco.solr.tracker.AclTracker.checkRepoAndIndexConsistency(AclTracker.java:354)
	at org.alfresco.solr.tracker.AclTracker.trackRepository(AclTracker.java:320)
	at org.alfresco.solr.tracker.AclTracker.doTrack(AclTracker.java:111)
	at org.alfresco.solr.tracker.AbstractTracker.track(AbstractTracker.java:190)
	at org.alfresco.solr.tracker.TrackerJob.execute(TrackerJob.java:54)
	at org.quartz.core.JobRunShell.run(JobRunShell.java:216)
	at org.quartz.simpl.SimpleThreadPool$WorkerThread.run(SimpleThreadPool.java:563)
2019-01-23 09:38:45,390 ERROR [org.alfresco.solr.tracker.AbstractTracker] Tracking failed
org.alfresco.error.AlfrescoRuntimeException: 00230033 api/solr/aclchangesets return status:404
	at org.alfresco.solr.client.SOLRAPIClient.getAclChangeSets(SOLRAPIClient.java:169)
	at org.alfresco.solr.tracker.AclTracker.checkRepoAndIndexConsistency(AclTracker.java:354)
	at org.alfresco.solr.tracker.AclTracker.trackRepository(AclTracker.java:320)
	at org.alfresco.solr.tracker.AclTracker.doTrack(AclTracker.java:111)
	at org.alfresco.solr.tracker.AbstractTracker.track(AbstractTracker.java:190)
	at org.alfresco.solr.tracker.TrackerJob.execute(TrackerJob.java:54)
	at org.quartz.core.JobRunShell.run(JobRunShell.java:216)
	at org.quartz.simpl.SimpleThreadPool$WorkerThread.run(SimpleThreadPool.java:563)
2019-01-23 09:38:45,484 ERROR [org.alfresco.solr.tracker.AbstractTracker] Tracking failed
org.alfresco.error.AlfrescoRuntimeException: 00230036 GetModelsDiff return status is 404
	at org.alfresco.solr.client.SOLRAPIClient.getModelsDiff(SOLRAPIClient.java:1181)
	at org.alfresco.solr.tracker.ModelTracker.trackModelsImpl(ModelTracker.java:256)
	at org.alfresco.solr.tracker.ModelTracker.trackModels(ModelTracker.java:214)
	at org.alfresco.solr.tracker.ModelTracker.doTrack(ModelTracker.java:174)
	at org.alfresco.solr.tracker.AbstractTracker.track(AbstractTracker.java:190)
	at org.alfresco.solr.tracker.TrackerJob.execute(TrackerJob.java:54)
	at org.quartz.core.JobRunShell.run(JobRunShell.java:216)
	at org.quartz.simpl.SimpleThreadPool$WorkerThread.run(SimpleThreadPool.java:563)
2019-01-23 09:39:00,094 ERROR [org.alfresco.solr.tracker.AbstractTracker] Model tracking failed
org.alfresco.error.AlfrescoRuntimeException: 00230039 GetModelsDiff return status is 404
	at org.alfresco.solr.client.SOLRAPIClient.getModelsDiff(SOLRAPIClient.java:1181)
	at org.alfresco.solr.tracker.ModelTracker.trackModelsImpl(ModelTracker.java:256)
	at org.alfresco.solr.tracker.ModelTracker.trackModels(ModelTracker.java:214)
	at org.alfresco.solr.tracker.ModelTracker.ensureFirstModelSync(ModelTracker.java:236)
	at org.alfresco.solr.component.EnsureModelsComponent.prepare(EnsureModelsComponent.java:87)
	at org.apache.solr.handler.component.AlfrescoSearchHandler.handleRequestBody(AlfrescoSearchHandler.java:292)
	at org.apache.solr.handler.RequestHandlerBase.handleRequest(RequestHandlerBase.java:135)
	at org.alfresco.solr.Cloud.getResponse(Cloud.java:166)
	at org.alfresco.solr.Cloud.getSolrDocumentList(Cloud.java:150)
	at org.alfresco.solr.SolrInformationServer.getDocsWithUncleanContent(SolrInformationServer.java:722)
	at org.alfresco.solr.tracker.ContentTracker.doTrack(ContentTracker.java:81)
	at org.alfresco.solr.tracker.AbstractTracker.track(AbstractTracker.java:190)
	at org.alfresco.solr.tracker.TrackerJob.execute(TrackerJob.java:54)
	at org.quartz.core.JobRunShell.run(JobRunShell.java:216)
	at org.quartz.simpl.SimpleThreadPool$WorkerThread.run(SimpleThreadPool.java:563)
2019-01-23 09:39:00,225 ERROR [org.alfresco.solr.tracker.AbstractTracker] Model tracking failed
org.alfresco.error.AlfrescoRuntimeException: 00230041 GetModelsDiff return status is 404
	at org.alfresco.solr.client.SOLRAPIClient.getModelsDiff(SOLRAPIClient.java:1181)
	at org.alfresco.solr.tracker.ModelTracker.trackModelsImpl(ModelTracker.java:256)
	at org.alfresco.solr.tracker.ModelTracker.trackModels(ModelTracker.java:214)
	at org.alfresco.solr.tracker.ModelTracker.ensureFirstModelSync(ModelTracker.java:236)
	at org.alfresco.solr.component.EnsureModelsComponent.prepare(EnsureModelsComponent.java:87)
	at org.apache.solr.handler.component.AlfrescoSearchHandler.handleRequestBody(AlfrescoSearchHandler.java:292)
	at org.apache.solr.handler.RequestHandlerBase.handleRequest(RequestHandlerBase.java:135)
	at org.alfresco.solr.Cloud.getResponse(Cloud.java:166)
	at org.alfresco.solr.Cloud.getSolrDocumentList(Cloud.java:150)
	at org.alfresco.solr.SolrInformationServer.getDocsWithUncleanContent(SolrInformationServer.java:722)
	at org.alfresco.solr.tracker.ContentTracker.doTrack(ContentTracker.java:81)
	at org.alfresco.solr.tracker.AbstractTracker.track(AbstractTracker.java:190)
	at org.alfresco.solr.tracker.TrackerJob.execute(TrackerJob.java:54)
	at org.quartz.core.JobRunShell.run(JobRunShell.java:216)
	at org.quartz.simpl.SimpleThreadPool$WorkerThread.run(SimpleThreadPool.java:563)
2019-01-23 09:39:00,244 ERROR [org.alfresco.solr.tracker.AbstractTracker] Tracking failed
org.alfresco.error.AlfrescoRuntimeException: 00230037 api/solr/aclchangesets return status:404
	at org.alfresco.solr.client.SOLRAPIClient.getAclChangeSets(SOLRAPIClient.java:169)
	at org.alfresco.solr.tracker.AclTracker.checkRepoAndIndexConsistency(AclTracker.java:354)
	at org.alfresco.solr.tracker.AclTracker.trackRepository(AclTracker.java:320)
	at org.alfresco.solr.tracker.AclTracker.doTrack(AclTracker.java:111)
	at org.alfresco.solr.tracker.AbstractTracker.track(AbstractTracker.java:190)
	at org.alfresco.solr.tracker.TrackerJob.execute(TrackerJob.java:54)
	at org.quartz.core.JobRunShell.run(JobRunShell.java:216)
	at org.quartz.simpl.SimpleThreadPool$WorkerThread.run(SimpleThreadPool.java:563)
2019-01-23 09:39:00,255 ERROR [org.alfresco.solr.tracker.AbstractTracker] Tracking failed
org.alfresco.error.AlfrescoRuntimeException: 00230038 api/solr/aclchangesets return status:404
	at org.alfresco.solr.client.SOLRAPIClient.getAclChangeSets(SOLRAPIClient.java:169)
	at org.alfresco.solr.tracker.AclTracker.checkRepoAndIndexConsistency(AclTracker.java:354)
	at org.alfresco.solr.tracker.AclTracker.trackRepository(AclTracker.java:320)
	at org.alfresco.solr.tracker.AclTracker.doTrack(AclTracker.java:111)
	at org.alfresco.solr.tracker.AbstractTracker.track(AbstractTracker.java:190)
	at org.alfresco.solr.tracker.TrackerJob.execute(TrackerJob.java:54)
	at org.quartz.core.JobRunShell.run(JobRunShell.java:216)
	at org.quartz.simpl.SimpleThreadPool$WorkerThread.run(SimpleThreadPool.java:563)
2019-01-23 09:39:00,328 ERROR [org.alfresco.solr.tracker.AbstractTracker] Tracking failed
org.alfresco.error.AlfrescoRuntimeException: 00230040 GetModelsDiff return status is 404
	at org.alfresco.solr.client.SOLRAPIClient.getModelsDiff(SOLRAPIClient.java:1181)
	at org.alfresco.solr.tracker.ModelTracker.trackModelsImpl(ModelTracker.java:256)
	at org.alfresco.solr.tracker.ModelTracker.trackModels(ModelTracker.java:214)
	at org.alfresco.solr.tracker.ModelTracker.doTrack(ModelTracker.java:174)
	at org.alfresco.solr.tracker.AbstractTracker.track(AbstractTracker.java:190)
	at org.alfresco.solr.tracker.TrackerJob.execute(TrackerJob.java:54)
	at org.quartz.core.JobRunShell.run(JobRunShell.java:216)
	at org.quartz.simpl.SimpleThreadPool$WorkerThread.run(SimpleThreadPool.java:563)
2019-01-23 09:39:15,037 ERROR [org.alfresco.solr.tracker.AbstractTracker] Model tracking failed
org.alfresco.error.AlfrescoRuntimeException: 00230044 GetModelsDiff return status is 404
	at org.alfresco.solr.client.SOLRAPIClient.getModelsDiff(SOLRAPIClient.java:1181)
	at org.alfresco.solr.tracker.ModelTracker.trackModelsImpl(ModelTracker.java:256)
	at org.alfresco.solr.tracker.ModelTracker.trackModels(ModelTracker.java:214)
	at org.alfresco.solr.tracker.ModelTracker.ensureFirstModelSync(ModelTracker.java:236)
	at org.alfresco.solr.component.EnsureModelsComponent.prepare(EnsureModelsComponent.java:87)
	at org.apache.solr.handler.component.AlfrescoSearchHandler.handleRequestBody(AlfrescoSearchHandler.java:292)
	at org.apache.solr.handler.RequestHandlerBase.handleRequest(RequestHandlerBase.java:135)
	at org.alfresco.solr.Cloud.getResponse(Cloud.java:166)
	at org.alfresco.solr.Cloud.getSolrDocumentList(Cloud.java:150)
	at org.alfresco.solr.SolrInformationServer.getDocsWithUncleanContent(SolrInformationServer.java:722)
	at org.alfresco.solr.tracker.ContentTracker.doTrack(ContentTracker.java:81)
	at org.alfresco.solr.tracker.AbstractTracker.track(AbstractTracker.java:190)
	at org.alfresco.solr.tracker.TrackerJob.execute(TrackerJob.java:54)
	at org.quartz.core.JobRunShell.run(JobRunShell.java:216)
	at org.quartz.simpl.SimpleThreadPool$WorkerThread.run(SimpleThreadPool.java:563)
2019-01-23 09:39:15,066 ERROR [org.alfresco.solr.tracker.AbstractTracker] Model tracking failed
org.alfresco.error.AlfrescoRuntimeException: 00230045 GetModelsDiff return status is 404
	at org.alfresco.solr.client.SOLRAPIClient.getModelsDiff(SOLRAPIClient.java:1181)
	at org.alfresco.solr.tracker.ModelTracker.trackModelsImpl(ModelTracker.java:256)
	at org.alfresco.solr.tracker.ModelTracker.trackModels(ModelTracker.java:214)
	at org.alfresco.solr.tracker.ModelTracker.ensureFirstModelSync(ModelTracker.java:236)
	at org.alfresco.solr.component.EnsureModelsComponent.prepare(EnsureModelsComponent.java:87)
	at org.apache.solr.handler.component.AlfrescoSearchHandler.handleRequestBody(AlfrescoSearchHandler.java:292)
	at org.apache.solr.handler.RequestHandlerBase.handleRequest(RequestHandlerBase.java:135)
	at org.alfresco.solr.Cloud.getResponse(Cloud.java:166)
	at org.alfresco.solr.Cloud.getSolrDocumentList(Cloud.java:150)
	at org.alfresco.solr.SolrInformationServer.getDocsWithUncleanContent(SolrInformationServer.java:722)
	at org.alfresco.solr.tracker.ContentTracker.doTrack(ContentTracker.java:81)
	at org.alfresco.solr.tracker.AbstractTracker.track(AbstractTracker.java:190)
	at org.alfresco.solr.tracker.TrackerJob.execute(TrackerJob.java:54)
	at org.quartz.core.JobRunShell.run(JobRunShell.java:216)
	at org.quartz.simpl.SimpleThreadPool$WorkerThread.run(SimpleThreadPool.java:563)
2019-01-23 09:39:15,182 ERROR [org.alfresco.solr.tracker.AbstractTracker] Tracking failed
org.alfresco.error.AlfrescoRuntimeException: 00230042 api/solr/aclchangesets return status:404
	at org.alfresco.solr.client.SOLRAPIClient.getAclChangeSets(SOLRAPIClient.java:169)
	at org.alfresco.solr.tracker.AclTracker.checkRepoAndIndexConsistency(AclTracker.java:354)
	at org.alfresco.solr.tracker.AclTracker.trackRepository(AclTracker.java:320)
	at org.alfresco.solr.tracker.AclTracker.doTrack(AclTracker.java:111)
	at org.alfresco.solr.tracker.AbstractTracker.track(AbstractTracker.java:190)
	at org.alfresco.solr.tracker.TrackerJob.execute(TrackerJob.java:54)
	at org.quartz.core.JobRunShell.run(JobRunShell.java:216)
	at org.quartz.simpl.SimpleThreadPool$WorkerThread.run(SimpleThreadPool.java:563)
2019-01-23 09:39:15,321 ERROR [org.alfresco.solr.tracker.AbstractTracker] Tracking failed
org.alfresco.error.AlfrescoRuntimeException: 00230043 api/solr/aclchangesets return status:404
	at org.alfresco.solr.client.SOLRAPIClient.getAclChangeSets(SOLRAPIClient.java:169)
	at org.alfresco.solr.tracker.AclTracker.checkRepoAndIndexConsistency(AclTracker.java:354)
	at org.alfresco.solr.tracker.AclTracker.trackRepository(AclTracker.java:320)
	at org.alfresco.solr.tracker.AclTracker.doTrack(AclTracker.java:111)
	at org.alfresco.solr.tracker.AbstractTracker.track(AbstractTracker.java:190)
	at org.alfresco.solr.tracker.TrackerJob.execute(TrackerJob.java:54)
	at org.quartz.core.JobRunShell.run(JobRunShell.java:216)
	at org.quartz.simpl.SimpleThreadPool$WorkerThread.run(SimpleThreadPool.java:563)
2019-01-23 09:39:17,905 ERROR [org.alfresco.solr.tracker.AbstractTracker] Tracking failed
org.alfresco.error.AlfrescoRuntimeException: 00230046 GetModelsDiff return status is 404
	at org.alfresco.solr.client.SOLRAPIClient.getModelsDiff(SOLRAPIClient.java:1181)
	at org.alfresco.solr.tracker.ModelTracker.trackModelsImpl(ModelTracker.java:256)
	at org.alfresco.solr.tracker.ModelTracker.trackModels(ModelTracker.java:214)
	at org.alfresco.solr.tracker.ModelTracker.doTrack(ModelTracker.java:174)
	at org.alfresco.solr.tracker.AbstractTracker.track(AbstractTracker.java:190)
	at org.alfresco.solr.tracker.TrackerJob.execute(TrackerJob.java:54)
	at org.quartz.core.JobRunShell.run(JobRunShell.java:216)
	at org.quartz.simpl.SimpleThreadPool$WorkerThread.run(SimpleThreadPool.java:563)
2019-01-23 09:39:30,061 ERROR [org.alfresco.solr.tracker.AbstractTracker] Model tracking failed
org.alfresco.error.AlfrescoRuntimeException: 00230049 GetModelsDiff return status is 404
	at org.alfresco.solr.client.SOLRAPIClient.getModelsDiff(SOLRAPIClient.java:1181)
	at org.alfresco.solr.tracker.ModelTracker.trackModelsImpl(ModelTracker.java:256)
	at org.alfresco.solr.tracker.ModelTracker.trackModels(ModelTracker.java:214)
	at org.alfresco.solr.tracker.ModelTracker.ensureFirstModelSync(ModelTracker.java:236)
	at org.alfresco.solr.component.EnsureModelsComponent.prepare(EnsureModelsComponent.java:87)
	at org.apache.solr.handler.component.AlfrescoSearchHandler.handleRequestBody(AlfrescoSearchHandler.java:292)
	at org.apache.solr.handler.RequestHandlerBase.handleRequest(RequestHandlerBase.java:135)
	at org.alfresco.solr.Cloud.getResponse(Cloud.java:166)
	at org.alfresco.solr.Cloud.getSolrDocumentList(Cloud.java:150)
	at org.alfresco.solr.SolrInformationServer.getDocsWithUncleanContent(SolrInformationServer.java:722)
	at org.alfresco.solr.tracker.ContentTracker.doTrack(ContentTracker.java:81)
	at org.alfresco.solr.tracker.AbstractTracker.track(AbstractTracker.java:190)
	at org.alfresco.solr.tracker.TrackerJob.execute(TrackerJob.java:54)
	at org.quartz.core.JobRunShell.run(JobRunShell.java:216)
	at org.quartz.simpl.SimpleThreadPool$WorkerThread.run(SimpleThreadPool.java:563)
2019-01-23 09:39:30,164 ERROR [org.alfresco.solr.tracker.AbstractTracker] Model tracking failed
org.alfresco.error.AlfrescoRuntimeException: 00230051 GetModelsDiff return status is 404
	at org.alfresco.solr.client.SOLRAPIClient.getModelsDiff(SOLRAPIClient.java:1181)
	at org.alfresco.solr.tracker.ModelTracker.trackModelsImpl(ModelTracker.java:256)
	at org.alfresco.solr.tracker.ModelTracker.trackModels(ModelTracker.java:214)
	at org.alfresco.solr.tracker.ModelTracker.ensureFirstModelSync(ModelTracker.java:236)
	at org.alfresco.solr.component.EnsureModelsComponent.prepare(EnsureModelsComponent.java:87)
	at org.apache.solr.handler.component.AlfrescoSearchHandler.handleRequestBody(AlfrescoSearchHandler.java:292)
	at org.apache.solr.handler.RequestHandlerBase.handleRequest(RequestHandlerBase.java:135)
	at org.alfresco.solr.Cloud.getResponse(Cloud.java:166)
	at org.alfresco.solr.Cloud.getSolrDocumentList(Cloud.java:150)
	at org.alfresco.solr.SolrInformationServer.getDocsWithUncleanContent(SolrInformationServer.java:722)
	at org.alfresco.solr.tracker.ContentTracker.doTrack(ContentTracker.java:81)
	at org.alfresco.solr.tracker.AbstractTracker.track(AbstractTracker.java:190)
	at org.alfresco.solr.tracker.TrackerJob.execute(TrackerJob.java:54)
	at org.quartz.core.JobRunShell.run(JobRunShell.java:216)
	at org.quartz.simpl.SimpleThreadPool$WorkerThread.run(SimpleThreadPool.java:563)
2019-01-23 09:39:30,231 ERROR [org.alfresco.solr.tracker.AbstractTracker] Tracking failed
org.alfresco.error.AlfrescoRuntimeException: 00230047 api/solr/aclchangesets return status:404
	at org.alfresco.solr.client.SOLRAPIClient.getAclChangeSets(SOLRAPIClient.java:169)
	at org.alfresco.solr.tracker.AclTracker.checkRepoAndIndexConsistency(AclTracker.java:354)
	at org.alfresco.solr.tracker.AclTracker.trackRepository(AclTracker.java:320)
	at org.alfresco.solr.tracker.AclTracker.doTrack(AclTracker.java:111)
	at org.alfresco.solr.tracker.AbstractTracker.track(AbstractTracker.java:190)
	at org.alfresco.solr.tracker.TrackerJob.execute(TrackerJob.java:54)
	at org.quartz.core.JobRunShell.run(JobRunShell.java:216)
	at org.quartz.simpl.SimpleThreadPool$WorkerThread.run(SimpleThreadPool.java:563)
2019-01-23 09:39:30,438 ERROR [org.alfresco.solr.tracker.AbstractTracker] Tracking failed
org.alfresco.error.AlfrescoRuntimeException: 00230048 api/solr/aclchangesets return status:404
	at org.alfresco.solr.client.SOLRAPIClient.getAclChangeSets(SOLRAPIClient.java:169)
	at org.alfresco.solr.tracker.AclTracker.checkRepoAndIndexConsistency(AclTracker.java:354)
	at org.alfresco.solr.tracker.AclTracker.trackRepository(AclTracker.java:320)
	at org.alfresco.solr.tracker.AclTracker.doTrack(AclTracker.java:111)
	at org.alfresco.solr.tracker.AbstractTracker.track(AbstractTracker.java:190)
	at org.alfresco.solr.tracker.TrackerJob.execute(TrackerJob.java:54)
	at org.quartz.core.JobRunShell.run(JobRunShell.java:216)
	at org.quartz.simpl.SimpleThreadPool$WorkerThread.run(SimpleThreadPool.java:563)
2019-01-23 09:39:30,448 ERROR [org.alfresco.solr.tracker.AbstractTracker] Tracking failed
org.alfresco.error.AlfrescoRuntimeException: 00230050 GetModelsDiff return status is 404
	at org.alfresco.solr.client.SOLRAPIClient.getModelsDiff(SOLRAPIClient.java:1181)
	at org.alfresco.solr.tracker.ModelTracker.trackModelsImpl(ModelTracker.java:256)
	at org.alfresco.solr.tracker.ModelTracker.trackModels(ModelTracker.java:214)
	at org.alfresco.solr.tracker.ModelTracker.doTrack(ModelTracker.java:174)
	at org.alfresco.solr.tracker.AbstractTracker.track(AbstractTracker.java:190)
	at org.alfresco.solr.tracker.TrackerJob.execute(TrackerJob.java:54)
	at org.quartz.core.JobRunShell.run(JobRunShell.java:216)
	at org.quartz.simpl.SimpleThreadPool$WorkerThread.run(SimpleThreadPool.java:563)
2019-01-23 09:39:45,032 ERROR [org.alfresco.solr.tracker.AbstractTracker] Model tracking failed
org.alfresco.error.AlfrescoRuntimeException: 00230054 GetModelsDiff return status is 404
	at org.alfresco.solr.client.SOLRAPIClient.getModelsDiff(SOLRAPIClient.java:1181)
	at org.alfresco.solr.tracker.ModelTracker.trackModelsImpl(ModelTracker.java:256)
	at org.alfresco.solr.tracker.ModelTracker.trackModels(ModelTracker.java:214)
	at org.alfresco.solr.tracker.ModelTracker.ensureFirstModelSync(ModelTracker.java:236)
	at org.alfresco.solr.component.EnsureModelsComponent.prepare(EnsureModelsComponent.java:87)
	at org.apache.solr.handler.component.AlfrescoSearchHandler.handleRequestBody(AlfrescoSearchHandler.java:292)
	at org.apache.solr.handler.RequestHandlerBase.handleRequest(RequestHandlerBase.java:135)
	at org.alfresco.solr.Cloud.getResponse(Cloud.java:166)
	at org.alfresco.solr.Cloud.getSolrDocumentList(Cloud.java:150)
	at org.alfresco.solr.SolrInformationServer.getDocsWithUncleanContent(SolrInformationServer.java:722)
	at org.alfresco.solr.tracker.ContentTracker.doTrack(ContentTracker.java:81)
	at org.alfresco.solr.tracker.AbstractTracker.track(AbstractTracker.java:190)
	at org.alfresco.solr.tracker.TrackerJob.execute(TrackerJob.java:54)
	at org.quartz.core.JobRunShell.run(JobRunShell.java:216)
	at org.quartz.simpl.SimpleThreadPool$WorkerThread.run(SimpleThreadPool.java:563)
2019-01-23 09:39:45,054 ERROR [org.alfresco.solr.tracker.AbstractTracker] Model tracking failed
org.alfresco.error.AlfrescoRuntimeException: 00230055 GetModelsDiff return status is 404
	at org.alfresco.solr.client.SOLRAPIClient.getModelsDiff(SOLRAPIClient.java:1181)
	at org.alfresco.solr.tracker.ModelTracker.trackModelsImpl(ModelTracker.java:256)
	at org.alfresco.solr.tracker.ModelTracker.trackModels(ModelTracker.java:214)
	at org.alfresco.solr.tracker.ModelTracker.ensureFirstModelSync(ModelTracker.java:236)
	at org.alfresco.solr.component.EnsureModelsComponent.prepare(EnsureModelsComponent.java:87)
	at org.apache.solr.handler.component.AlfrescoSearchHandler.handleRequestBody(AlfrescoSearchHandler.java:292)
	at org.apache.solr.handler.RequestHandlerBase.handleRequest(RequestHandlerBase.java:135)
	at org.alfresco.solr.Cloud.getResponse(Cloud.java:166)
	at org.alfresco.solr.Cloud.getSolrDocumentList(Cloud.java:150)
	at org.alfresco.solr.SolrInformationServer.getDocsWithUncleanContent(SolrInformationServer.java:722)
	at org.alfresco.solr.tracker.ContentTracker.doTrack(ContentTracker.java:81)
	at org.alfresco.solr.tracker.AbstractTracker.track(AbstractTracker.java:190)
	at org.alfresco.solr.tracker.TrackerJob.execute(TrackerJob.java:54)
	at org.quartz.core.JobRunShell.run(JobRunShell.java:216)
	at org.quartz.simpl.SimpleThreadPool$WorkerThread.run(SimpleThreadPool.java:563)
2019-01-23 09:39:45,221 ERROR [org.alfresco.solr.tracker.AbstractTracker] Tracking failed
org.alfresco.error.AlfrescoRuntimeException: 00230052 api/solr/aclchangesets return status:404
	at org.alfresco.solr.client.SOLRAPIClient.getAclChangeSets(SOLRAPIClient.java:169)
	at org.alfresco.solr.tracker.AclTracker.checkRepoAndIndexConsistency(AclTracker.java:354)
	at org.alfresco.solr.tracker.AclTracker.trackRepository(AclTracker.java:320)
	at org.alfresco.solr.tracker.AclTracker.doTrack(AclTracker.java:111)
	at org.alfresco.solr.tracker.AbstractTracker.track(AbstractTracker.java:190)
	at org.alfresco.solr.tracker.TrackerJob.execute(TrackerJob.java:54)
	at org.quartz.core.JobRunShell.run(JobRunShell.java:216)
	at org.quartz.simpl.SimpleThreadPool$WorkerThread.run(SimpleThreadPool.java:563)
2019-01-23 09:39:45,234 ERROR [org.alfresco.solr.tracker.AbstractTracker] Tracking failed
org.alfresco.error.AlfrescoRuntimeException: 00230053 api/solr/aclchangesets return status:404
	at org.alfresco.solr.client.SOLRAPIClient.getAclChangeSets(SOLRAPIClient.java:169)
	at org.alfresco.solr.tracker.AclTracker.checkRepoAndIndexConsistency(AclTracker.java:354)
	at org.alfresco.solr.tracker.AclTracker.trackRepository(AclTracker.java:320)
	at org.alfresco.solr.tracker.AclTracker.doTrack(AclTracker.java:111)
	at org.alfresco.solr.tracker.AbstractTracker.track(AbstractTracker.java:190)
	at org.alfresco.solr.tracker.TrackerJob.execute(TrackerJob.java:54)
	at org.quartz.core.JobRunShell.run(JobRunShell.java:216)
	at org.quartz.simpl.SimpleThreadPool$WorkerThread.run(SimpleThreadPool.java:563)
2019-01-23 09:39:45,281 ERROR [org.alfresco.solr.tracker.AbstractTracker] Tracking failed
org.alfresco.error.AlfrescoRuntimeException: 00230056 GetModelsDiff return status is 404
	at org.alfresco.solr.client.SOLRAPIClient.getModelsDiff(SOLRAPIClient.java:1181)
	at org.alfresco.solr.tracker.ModelTracker.trackModelsImpl(ModelTracker.java:256)
	at org.alfresco.solr.tracker.ModelTracker.trackModels(ModelTracker.java:214)
	at org.alfresco.solr.tracker.ModelTracker.doTrack(ModelTracker.java:174)
	at org.alfresco.solr.tracker.AbstractTracker.track(AbstractTracker.java:190)
	at org.alfresco.solr.tracker.TrackerJob.execute(TrackerJob.java:54)
	at org.quartz.core.JobRunShell.run(JobRunShell.java:216)
	at org.quartz.simpl.SimpleThreadPool$WorkerThread.run(SimpleThreadPool.java:563)
2019-01-23 09:40:00,047 ERROR [org.alfresco.solr.tracker.AbstractTracker] Model tracking failed
org.alfresco.error.AlfrescoRuntimeException: 00230059 GetModelsDiff return status is 404
	at org.alfresco.solr.client.SOLRAPIClient.getModelsDiff(SOLRAPIClient.java:1181)
	at org.alfresco.solr.tracker.ModelTracker.trackModelsImpl(ModelTracker.java:256)
	at org.alfresco.solr.tracker.ModelTracker.trackModels(ModelTracker.java:214)
	at org.alfresco.solr.tracker.ModelTracker.ensureFirstModelSync(ModelTracker.java:236)
	at org.alfresco.solr.component.EnsureModelsComponent.prepare(EnsureModelsComponent.java:87)
	at org.apache.solr.handler.component.AlfrescoSearchHandler.handleRequestBody(AlfrescoSearchHandler.java:292)
	at org.apache.solr.handler.RequestHandlerBase.handleRequest(RequestHandlerBase.java:135)
	at org.alfresco.solr.Cloud.getResponse(Cloud.java:166)
	at org.alfresco.solr.Cloud.getSolrDocumentList(Cloud.java:150)
	at org.alfresco.solr.SolrInformationServer.getDocsWithUncleanContent(SolrInformationServer.java:722)
	at org.alfresco.solr.tracker.ContentTracker.doTrack(ContentTracker.java:81)
	at org.alfresco.solr.tracker.AbstractTracker.track(AbstractTracker.java:190)
	at org.alfresco.solr.tracker.TrackerJob.execute(TrackerJob.java:54)
	at org.quartz.core.JobRunShell.run(JobRunShell.java:216)
	at org.quartz.simpl.SimpleThreadPool$WorkerThread.run(SimpleThreadPool.java:563)
2019-01-23 09:40:00,113 ERROR [org.alfresco.solr.tracker.AbstractTracker] Tracking failed
org.alfresco.error.AlfrescoRuntimeException: 00230057 api/solr/aclchangesets return status:404
	at org.alfresco.solr.client.SOLRAPIClient.getAclChangeSets(SOLRAPIClient.java:169)
	at org.alfresco.solr.tracker.AclTracker.checkRepoAndIndexConsistency(AclTracker.java:354)
	at org.alfresco.solr.tracker.AclTracker.trackRepository(AclTracker.java:320)
	at org.alfresco.solr.tracker.AclTracker.doTrack(AclTracker.java:111)
	at org.alfresco.solr.tracker.AbstractTracker.track(AbstractTracker.java:190)
	at org.alfresco.solr.tracker.TrackerJob.execute(TrackerJob.java:54)
	at org.quartz.core.JobRunShell.run(JobRunShell.java:216)
	at org.quartz.simpl.SimpleThreadPool$WorkerThread.run(SimpleThreadPool.java:563)
2019-01-23 09:40:00,120 ERROR [org.alfresco.solr.tracker.AbstractTracker] Model tracking failed
org.alfresco.error.AlfrescoRuntimeException: 00230060 GetModelsDiff return status is 404
	at org.alfresco.solr.client.SOLRAPIClient.getModelsDiff(SOLRAPIClient.java:1181)
	at org.alfresco.solr.tracker.ModelTracker.trackModelsImpl(ModelTracker.java:256)
	at org.alfresco.solr.tracker.ModelTracker.trackModels(ModelTracker.java:214)
	at org.alfresco.solr.tracker.ModelTracker.ensureFirstModelSync(ModelTracker.java:236)
	at org.alfresco.solr.component.EnsureModelsComponent.prepare(EnsureModelsComponent.java:87)
	at org.apache.solr.handler.component.AlfrescoSearchHandler.handleRequestBody(AlfrescoSearchHandler.java:292)
	at org.apache.solr.handler.RequestHandlerBase.handleRequest(RequestHandlerBase.java:135)
	at org.alfresco.solr.Cloud.getResponse(Cloud.java:166)
	at org.alfresco.solr.Cloud.getSolrDocumentList(Cloud.java:150)
	at org.alfresco.solr.SolrInformationServer.getDocsWithUncleanContent(SolrInformationServer.java:722)
	at org.alfresco.solr.tracker.ContentTracker.doTrack(ContentTracker.java:81)
	at org.alfresco.solr.tracker.AbstractTracker.track(AbstractTracker.java:190)
	at org.alfresco.solr.tracker.TrackerJob.execute(TrackerJob.java:54)
	at org.quartz.core.JobRunShell.run(JobRunShell.java:216)
	at org.quartz.simpl.SimpleThreadPool$WorkerThread.run(SimpleThreadPool.java:563)
2019-01-23 09:40:00,379 ERROR [org.alfresco.solr.tracker.AbstractTracker] Tracking failed
org.alfresco.error.AlfrescoRuntimeException: 00230058 api/solr/aclchangesets return status:404
	at org.alfresco.solr.client.SOLRAPIClient.getAclChangeSets(SOLRAPIClient.java:169)
	at org.alfresco.solr.tracker.AclTracker.checkRepoAndIndexConsistency(AclTracker.java:354)
	at org.alfresco.solr.tracker.AclTracker.trackRepository(AclTracker.java:320)
	at org.alfresco.solr.tracker.AclTracker.doTrack(AclTracker.java:111)
	at org.alfresco.solr.tracker.AbstractTracker.track(AbstractTracker.java:190)
	at org.alfresco.solr.tracker.TrackerJob.execute(TrackerJob.java:54)
	at org.quartz.core.JobRunShell.run(JobRunShell.java:216)
	at org.quartz.simpl.SimpleThreadPool$WorkerThread.run(SimpleThreadPool.java:563)
2019-01-23 09:40:00,392 ERROR [org.alfresco.solr.tracker.AbstractTracker] Tracking failed
org.alfresco.error.AlfrescoRuntimeException: 00230061 GetModelsDiff return status is 404
	at org.alfresco.solr.client.SOLRAPIClient.getModelsDiff(SOLRAPIClient.java:1181)
	at org.alfresco.solr.tracker.ModelTracker.trackModelsImpl(ModelTracker.java:256)
	at org.alfresco.solr.tracker.ModelTracker.trackModels(ModelTracker.java:214)
	at org.alfresco.solr.tracker.ModelTracker.doTrack(ModelTracker.java:174)
	at org.alfresco.solr.tracker.AbstractTracker.track(AbstractTracker.java:190)
	at org.alfresco.solr.tracker.TrackerJob.execute(TrackerJob.java:54)
	at org.quartz.core.JobRunShell.run(JobRunShell.java:216)
	at org.quartz.simpl.SimpleThreadPool$WorkerThread.run(SimpleThreadPool.java:563)
2019-01-23 09:40:15,031 ERROR [org.alfresco.solr.tracker.AbstractTracker] Model tracking failed
org.alfresco.error.AlfrescoRuntimeException: 00230064 GetModelsDiff return status is 404
	at org.alfresco.solr.client.SOLRAPIClient.getModelsDiff(SOLRAPIClient.java:1181)
	at org.alfresco.solr.tracker.ModelTracker.trackModelsImpl(ModelTracker.java:256)
	at org.alfresco.solr.tracker.ModelTracker.trackModels(ModelTracker.java:214)
	at org.alfresco.solr.tracker.ModelTracker.ensureFirstModelSync(ModelTracker.java:236)
	at org.alfresco.solr.component.EnsureModelsComponent.prepare(EnsureModelsComponent.java:87)
	at org.apache.solr.handler.component.AlfrescoSearchHandler.handleRequestBody(AlfrescoSearchHandler.java:292)
	at org.apache.solr.handler.RequestHandlerBase.handleRequest(RequestHandlerBase.java:135)
	at org.alfresco.solr.Cloud.getResponse(Cloud.java:166)
	at org.alfresco.solr.Cloud.getSolrDocumentList(Cloud.java:150)
	at org.alfresco.solr.SolrInformationServer.getDocsWithUncleanContent(SolrInformationServer.java:722)
	at org.alfresco.solr.tracker.ContentTracker.doTrack(ContentTracker.java:81)
	at org.alfresco.solr.tracker.AbstractTracker.track(AbstractTracker.java:190)
	at org.alfresco.solr.tracker.TrackerJob.execute(TrackerJob.java:54)
	at org.quartz.core.JobRunShell.run(JobRunShell.java:216)
	at org.quartz.simpl.SimpleThreadPool$WorkerThread.run(SimpleThreadPool.java:563)
2019-01-23 09:40:15,055 ERROR [org.alfresco.solr.tracker.AbstractTracker] Model tracking failed
org.alfresco.error.AlfrescoRuntimeException: 00230065 GetModelsDiff return status is 404
	at org.alfresco.solr.client.SOLRAPIClient.getModelsDiff(SOLRAPIClient.java:1181)
	at org.alfresco.solr.tracker.ModelTracker.trackModelsImpl(ModelTracker.java:256)
	at org.alfresco.solr.tracker.ModelTracker.trackModels(ModelTracker.java:214)
	at org.alfresco.solr.tracker.ModelTracker.ensureFirstModelSync(ModelTracker.java:236)
	at org.alfresco.solr.component.EnsureModelsComponent.prepare(EnsureModelsComponent.java:87)
	at org.apache.solr.handler.component.AlfrescoSearchHandler.handleRequestBody(AlfrescoSearchHandler.java:292)
	at org.apache.solr.handler.RequestHandlerBase.handleRequest(RequestHandlerBase.java:135)
	at org.alfresco.solr.Cloud.getResponse(Cloud.java:166)
	at org.alfresco.solr.Cloud.getSolrDocumentList(Cloud.java:150)
	at org.alfresco.solr.SolrInformationServer.getDocsWithUncleanContent(SolrInformationServer.java:722)
	at org.alfresco.solr.tracker.ContentTracker.doTrack(ContentTracker.java:81)
	at org.alfresco.solr.tracker.AbstractTracker.track(AbstractTracker.java:190)
	at org.alfresco.solr.tracker.TrackerJob.execute(TrackerJob.java:54)
	at org.quartz.core.JobRunShell.run(JobRunShell.java:216)
	at org.quartz.simpl.SimpleThreadPool$WorkerThread.run(SimpleThreadPool.java:563)
2019-01-23 09:40:15,255 ERROR [org.alfresco.solr.tracker.AbstractTracker] Tracking failed
org.alfresco.error.AlfrescoRuntimeException: 00230063 api/solr/aclchangesets return status:404
	at org.alfresco.solr.client.SOLRAPIClient.getAclChangeSets(SOLRAPIClient.java:169)
	at org.alfresco.solr.tracker.AclTracker.checkRepoAndIndexConsistency(AclTracker.java:354)
	at org.alfresco.solr.tracker.AclTracker.trackRepository(AclTracker.java:320)
	at org.alfresco.solr.tracker.AclTracker.doTrack(AclTracker.java:111)
	at org.alfresco.solr.tracker.AbstractTracker.track(AbstractTracker.java:190)
	at org.alfresco.solr.tracker.TrackerJob.execute(TrackerJob.java:54)
	at org.quartz.core.JobRunShell.run(JobRunShell.java:216)
	at org.quartz.simpl.SimpleThreadPool$WorkerThread.run(SimpleThreadPool.java:563)
2019-01-23 09:40:15,345 ERROR [org.alfresco.solr.tracker.AbstractTracker] Tracking failed
org.alfresco.error.AlfrescoRuntimeException: 00230062 api/solr/aclchangesets return status:404
	at org.alfresco.solr.client.SOLRAPIClient.getAclChangeSets(SOLRAPIClient.java:169)
	at org.alfresco.solr.tracker.AclTracker.checkRepoAndIndexConsistency(AclTracker.java:354)
	at org.alfresco.solr.tracker.AclTracker.trackRepository(AclTracker.java:320)
	at org.alfresco.solr.tracker.AclTracker.doTrack(AclTracker.java:111)
	at org.alfresco.solr.tracker.AbstractTracker.track(AbstractTracker.java:190)
	at org.alfresco.solr.tracker.TrackerJob.execute(TrackerJob.java:54)
	at org.quartz.core.JobRunShell.run(JobRunShell.java:216)
	at org.quartz.simpl.SimpleThreadPool$WorkerThread.run(SimpleThreadPool.java:563)
2019-01-23 09:40:15,421 ERROR [org.alfresco.solr.tracker.AbstractTracker] Tracking failed
org.alfresco.error.AlfrescoRuntimeException: 00230066 GetModelsDiff return status is 404
	at org.alfresco.solr.client.SOLRAPIClient.getModelsDiff(SOLRAPIClient.java:1181)
	at org.alfresco.solr.tracker.ModelTracker.trackModelsImpl(ModelTracker.java:256)
	at org.alfresco.solr.tracker.ModelTracker.trackModels(ModelTracker.java:214)
	at org.alfresco.solr.tracker.ModelTracker.doTrack(ModelTracker.java:174)
	at org.alfresco.solr.tracker.AbstractTracker.track(AbstractTracker.java:190)
	at org.alfresco.solr.tracker.TrackerJob.execute(TrackerJob.java:54)
	at org.quartz.core.JobRunShell.run(JobRunShell.java:216)
	at org.quartz.simpl.SimpleThreadPool$WorkerThread.run(SimpleThreadPool.java:563)
2019-01-23 09:40:30,049 ERROR [org.alfresco.solr.tracker.AbstractTracker] Tracking failed
org.alfresco.error.AlfrescoRuntimeException: 00230068 api/solr/aclchangesets return status:404
	at org.alfresco.solr.client.SOLRAPIClient.getAclChangeSets(SOLRAPIClient.java:169)
	at org.alfresco.solr.tracker.AclTracker.checkRepoAndIndexConsistency(AclTracker.java:354)
	at org.alfresco.solr.tracker.AclTracker.trackRepository(AclTracker.java:320)
	at org.alfresco.solr.tracker.AclTracker.doTrack(AclTracker.java:111)
	at org.alfresco.solr.tracker.AbstractTracker.track(AbstractTracker.java:190)
	at org.alfresco.solr.tracker.TrackerJob.execute(TrackerJob.java:54)
	at org.quartz.core.JobRunShell.run(JobRunShell.java:216)
	at org.quartz.simpl.SimpleThreadPool$WorkerThread.run(SimpleThreadPool.java:563)
2019-01-23 09:40:30,054 ERROR [org.alfresco.solr.tracker.AbstractTracker] Tracking failed
org.alfresco.error.AlfrescoRuntimeException: 00230067 api/solr/aclchangesets return status:404
	at org.alfresco.solr.client.SOLRAPIClient.getAclChangeSets(SOLRAPIClient.java:169)
	at org.alfresco.solr.tracker.AclTracker.checkRepoAndIndexConsistency(AclTracker.java:354)
	at org.alfresco.solr.tracker.AclTracker.trackRepository(AclTracker.java:320)
	at org.alfresco.solr.tracker.AclTracker.doTrack(AclTracker.java:111)
	at org.alfresco.solr.tracker.AbstractTracker.track(AbstractTracker.java:190)
	at org.alfresco.solr.tracker.TrackerJob.execute(TrackerJob.java:54)
	at org.quartz.core.JobRunShell.run(JobRunShell.java:216)
	at org.quartz.simpl.SimpleThreadPool$WorkerThread.run(SimpleThreadPool.java:563)
2019-01-23 09:40:30,054 ERROR [org.alfresco.solr.tracker.AbstractTracker] Model tracking failed
org.alfresco.error.AlfrescoRuntimeException: 00230069 GetModelsDiff return status is 404
	at org.alfresco.solr.client.SOLRAPIClient.getModelsDiff(SOLRAPIClient.java:1181)
	at org.alfresco.solr.tracker.ModelTracker.trackModelsImpl(ModelTracker.java:256)
	at org.alfresco.solr.tracker.ModelTracker.trackModels(ModelTracker.java:214)
	at org.alfresco.solr.tracker.ModelTracker.ensureFirstModelSync(ModelTracker.java:236)
	at org.alfresco.solr.component.EnsureModelsComponent.prepare(EnsureModelsComponent.java:87)
	at org.apache.solr.handler.component.AlfrescoSearchHandler.handleRequestBody(AlfrescoSearchHandler.java:292)
	at org.apache.solr.handler.RequestHandlerBase.handleRequest(RequestHandlerBase.java:135)
	at org.alfresco.solr.Cloud.getResponse(Cloud.java:166)
	at org.alfresco.solr.Cloud.getSolrDocumentList(Cloud.java:150)
	at org.alfresco.solr.SolrInformationServer.getDocsWithUncleanContent(SolrInformationServer.java:722)
	at org.alfresco.solr.tracker.ContentTracker.doTrack(ContentTracker.java:81)
	at org.alfresco.solr.tracker.AbstractTracker.track(AbstractTracker.java:190)
	at org.alfresco.solr.tracker.TrackerJob.execute(TrackerJob.java:54)
	at org.quartz.core.JobRunShell.run(JobRunShell.java:216)
	at org.quartz.simpl.SimpleThreadPool$WorkerThread.run(SimpleThreadPool.java:563)
2019-01-23 09:40:30,098 ERROR [org.alfresco.solr.tracker.AbstractTracker] Model tracking failed
org.alfresco.error.AlfrescoRuntimeException: 00230070 GetModelsDiff return status is 404
	at org.alfresco.solr.client.SOLRAPIClient.getModelsDiff(SOLRAPIClient.java:1181)
	at org.alfresco.solr.tracker.ModelTracker.trackModelsImpl(ModelTracker.java:256)
	at org.alfresco.solr.tracker.ModelTracker.trackModels(ModelTracker.java:214)
	at org.alfresco.solr.tracker.ModelTracker.ensureFirstModelSync(ModelTracker.java:236)
	at org.alfresco.solr.component.EnsureModelsComponent.prepare(EnsureModelsComponent.java:87)
	at org.apache.solr.handler.component.AlfrescoSearchHandler.handleRequestBody(AlfrescoSearchHandler.java:292)
	at org.apache.solr.handler.RequestHandlerBase.handleRequest(RequestHandlerBase.java:135)
	at org.alfresco.solr.Cloud.getResponse(Cloud.java:166)
	at org.alfresco.solr.Cloud.getSolrDocumentList(Cloud.java:150)
	at org.alfresco.solr.SolrInformationServer.getDocsWithUncleanContent(SolrInformationServer.java:722)
	at org.alfresco.solr.tracker.ContentTracker.doTrack(ContentTracker.java:81)
	at org.alfresco.solr.tracker.AbstractTracker.track(AbstractTracker.java:190)
	at org.alfresco.solr.tracker.TrackerJob.execute(TrackerJob.java:54)
	at org.quartz.core.JobRunShell.run(JobRunShell.java:216)
	at org.quartz.simpl.SimpleThreadPool$WorkerThread.run(SimpleThreadPool.java:563)
2019-01-23 09:40:30,126 ERROR [org.alfresco.solr.tracker.AbstractTracker] Tracking failed
org.alfresco.error.AlfrescoRuntimeException: 00230071 GetModelsDiff return status is 404
	at org.alfresco.solr.client.SOLRAPIClient.getModelsDiff(SOLRAPIClient.java:1181)
	at org.alfresco.solr.tracker.ModelTracker.trackModelsImpl(ModelTracker.java:256)
	at org.alfresco.solr.tracker.ModelTracker.trackModels(ModelTracker.java:214)
	at org.alfresco.solr.tracker.ModelTracker.doTrack(ModelTracker.java:174)
	at org.alfresco.solr.tracker.AbstractTracker.track(AbstractTracker.java:190)
	at org.alfresco.solr.tracker.TrackerJob.execute(TrackerJob.java:54)
	at org.quartz.core.JobRunShell.run(JobRunShell.java:216)
	at org.quartz.simpl.SimpleThreadPool$WorkerThread.run(SimpleThreadPool.java:563)
2019-01-23 09:40:45,043 ERROR [org.alfresco.solr.tracker.AbstractTracker] Model tracking failed
org.alfresco.error.AlfrescoRuntimeException: 00230074 GetModelsDiff return status is 404
	at org.alfresco.solr.client.SOLRAPIClient.getModelsDiff(SOLRAPIClient.java:1181)
	at org.alfresco.solr.tracker.ModelTracker.trackModelsImpl(ModelTracker.java:256)
	at org.alfresco.solr.tracker.ModelTracker.trackModels(ModelTracker.java:214)
	at org.alfresco.solr.tracker.ModelTracker.ensureFirstModelSync(ModelTracker.java:236)
	at org.alfresco.solr.component.EnsureModelsComponent.prepare(EnsureModelsComponent.java:87)
	at org.apache.solr.handler.component.AlfrescoSearchHandler.handleRequestBody(AlfrescoSearchHandler.java:292)
	at org.apache.solr.handler.RequestHandlerBase.handleRequest(RequestHandlerBase.java:135)
	at org.alfresco.solr.Cloud.getResponse(Cloud.java:166)
	at org.alfresco.solr.Cloud.getSolrDocumentList(Cloud.java:150)
	at org.alfresco.solr.SolrInformationServer.getDocsWithUncleanContent(SolrInformationServer.java:722)
	at org.alfresco.solr.tracker.ContentTracker.doTrack(ContentTracker.java:81)
	at org.alfresco.solr.tracker.AbstractTracker.track(AbstractTracker.java:190)
	at org.alfresco.solr.tracker.TrackerJob.execute(TrackerJob.java:54)
	at org.quartz.core.JobRunShell.run(JobRunShell.java:216)
	at org.quartz.simpl.SimpleThreadPool$WorkerThread.run(SimpleThreadPool.java:563)
2019-01-23 09:40:45,093 ERROR [org.alfresco.solr.tracker.AbstractTracker] Model tracking failed
org.alfresco.error.AlfrescoRuntimeException: 00230076 GetModelsDiff return status is 404
	at org.alfresco.solr.client.SOLRAPIClient.getModelsDiff(SOLRAPIClient.java:1181)
	at org.alfresco.solr.tracker.ModelTracker.trackModelsImpl(ModelTracker.java:256)
	at org.alfresco.solr.tracker.ModelTracker.trackModels(ModelTracker.java:214)
	at org.alfresco.solr.tracker.ModelTracker.ensureFirstModelSync(ModelTracker.java:236)
	at org.alfresco.solr.component.EnsureModelsComponent.prepare(EnsureModelsComponent.java:87)
	at org.apache.solr.handler.component.AlfrescoSearchHandler.handleRequestBody(AlfrescoSearchHandler.java:292)
	at org.apache.solr.handler.RequestHandlerBase.handleRequest(RequestHandlerBase.java:135)
	at org.alfresco.solr.Cloud.getResponse(Cloud.java:166)
	at org.alfresco.solr.Cloud.getSolrDocumentList(Cloud.java:150)
	at org.alfresco.solr.SolrInformationServer.getDocsWithUncleanContent(SolrInformationServer.java:722)
	at org.alfresco.solr.tracker.ContentTracker.doTrack(ContentTracker.java:81)
	at org.alfresco.solr.tracker.AbstractTracker.track(AbstractTracker.java:190)
	at org.alfresco.solr.tracker.TrackerJob.execute(TrackerJob.java:54)
	at org.quartz.core.JobRunShell.run(JobRunShell.java:216)
	at org.quartz.simpl.SimpleThreadPool$WorkerThread.run(SimpleThreadPool.java:563)
2019-01-23 09:40:45,274 ERROR [org.alfresco.solr.tracker.AbstractTracker] Tracking failed
org.alfresco.error.AlfrescoRuntimeException: 00230072 api/solr/aclchangesets return status:404
	at org.alfresco.solr.client.SOLRAPIClient.getAclChangeSets(SOLRAPIClient.java:169)
	at org.alfresco.solr.tracker.AclTracker.checkRepoAndIndexConsistency(AclTracker.java:354)
	at org.alfresco.solr.tracker.AclTracker.trackRepository(AclTracker.java:320)
	at org.alfresco.solr.tracker.AclTracker.doTrack(AclTracker.java:111)
	at org.alfresco.solr.tracker.AbstractTracker.track(AbstractTracker.java:190)
	at org.alfresco.solr.tracker.TrackerJob.execute(TrackerJob.java:54)
	at org.quartz.core.JobRunShell.run(JobRunShell.java:216)
	at org.quartz.simpl.SimpleThreadPool$WorkerThread.run(SimpleThreadPool.java:563)
2019-01-23 09:40:45,437 ERROR [org.alfresco.solr.tracker.AbstractTracker] Tracking failed
org.alfresco.error.AlfrescoRuntimeException: 00230073 api/solr/aclchangesets return status:404
	at org.alfresco.solr.client.SOLRAPIClient.getAclChangeSets(SOLRAPIClient.java:169)
	at org.alfresco.solr.tracker.AclTracker.checkRepoAndIndexConsistency(AclTracker.java:354)
	at org.alfresco.solr.tracker.AclTracker.trackRepository(AclTracker.java:320)
	at org.alfresco.solr.tracker.AclTracker.doTrack(AclTracker.java:111)
	at org.alfresco.solr.tracker.AbstractTracker.track(AbstractTracker.java:190)
	at org.alfresco.solr.tracker.TrackerJob.execute(TrackerJob.java:54)
	at org.quartz.core.JobRunShell.run(JobRunShell.java:216)
	at org.quartz.simpl.SimpleThreadPool$WorkerThread.run(SimpleThreadPool.java:563)
2019-01-23 09:40:45,495 ERROR [org.alfresco.solr.tracker.AbstractTracker] Tracking failed
org.alfresco.error.AlfrescoRuntimeException: 00230075 GetModelsDiff return status is 404
	at org.alfresco.solr.client.SOLRAPIClient.getModelsDiff(SOLRAPIClient.java:1181)
	at org.alfresco.solr.tracker.ModelTracker.trackModelsImpl(ModelTracker.java:256)
	at org.alfresco.solr.tracker.ModelTracker.trackModels(ModelTracker.java:214)
	at org.alfresco.solr.tracker.ModelTracker.doTrack(ModelTracker.java:174)
	at org.alfresco.solr.tracker.AbstractTracker.track(AbstractTracker.java:190)
	at org.alfresco.solr.tracker.TrackerJob.execute(TrackerJob.java:54)
	at org.quartz.core.JobRunShell.run(JobRunShell.java:216)
	at org.quartz.simpl.SimpleThreadPool$WorkerThread.run(SimpleThreadPool.java:563)
2019-01-23 09:41:00,064 ERROR [org.alfresco.solr.tracker.AbstractTracker] Tracking failed
org.alfresco.error.AlfrescoRuntimeException: 00230077 api/solr/aclchangesets return status:404
	at org.alfresco.solr.client.SOLRAPIClient.getAclChangeSets(SOLRAPIClient.java:169)
	at org.alfresco.solr.tracker.AclTracker.checkRepoAndIndexConsistency(AclTracker.java:354)
	at org.alfresco.solr.tracker.AclTracker.trackRepository(AclTracker.java:320)
	at org.alfresco.solr.tracker.AclTracker.doTrack(AclTracker.java:111)
	at org.alfresco.solr.tracker.AbstractTracker.track(AbstractTracker.java:190)
	at org.alfresco.solr.tracker.TrackerJob.execute(TrackerJob.java:54)
	at org.quartz.core.JobRunShell.run(JobRunShell.java:216)
	at org.quartz.simpl.SimpleThreadPool$WorkerThread.run(SimpleThreadPool.java:563)
2019-01-23 09:41:00,070 ERROR [org.alfresco.solr.tracker.AbstractTracker] Model tracking failed
org.alfresco.error.AlfrescoRuntimeException: 00230079 GetModelsDiff return status is 404
	at org.alfresco.solr.client.SOLRAPIClient.getModelsDiff(SOLRAPIClient.java:1181)
	at org.alfresco.solr.tracker.ModelTracker.trackModelsImpl(ModelTracker.java:256)
	at org.alfresco.solr.tracker.ModelTracker.trackModels(ModelTracker.java:214)
	at org.alfresco.solr.tracker.ModelTracker.ensureFirstModelSync(ModelTracker.java:236)
	at org.alfresco.solr.component.EnsureModelsComponent.prepare(EnsureModelsComponent.java:87)
	at org.apache.solr.handler.component.AlfrescoSearchHandler.handleRequestBody(AlfrescoSearchHandler.java:292)
	at org.apache.solr.handler.RequestHandlerBase.handleRequest(RequestHandlerBase.java:135)
	at org.alfresco.solr.Cloud.getResponse(Cloud.java:166)
	at org.alfresco.solr.Cloud.getSolrDocumentList(Cloud.java:150)
	at org.alfresco.solr.SolrInformationServer.getDocsWithUncleanContent(SolrInformationServer.java:722)
	at org.alfresco.solr.tracker.ContentTracker.doTrack(ContentTracker.java:81)
	at org.alfresco.solr.tracker.AbstractTracker.track(AbstractTracker.java:190)
	at org.alfresco.solr.tracker.TrackerJob.execute(TrackerJob.java:54)
	at org.quartz.core.JobRunShell.run(JobRunShell.java:216)
	at org.quartz.simpl.SimpleThreadPool$WorkerThread.run(SimpleThreadPool.java:563)
2019-01-23 09:41:00,101 ERROR [org.alfresco.solr.tracker.AbstractTracker] Model tracking failed
org.alfresco.error.AlfrescoRuntimeException: 00230080 GetModelsDiff return status is 404
	at org.alfresco.solr.client.SOLRAPIClient.getModelsDiff(SOLRAPIClient.java:1181)
	at org.alfresco.solr.tracker.ModelTracker.trackModelsImpl(ModelTracker.java:256)
	at org.alfresco.solr.tracker.ModelTracker.trackModels(ModelTracker.java:214)
	at org.alfresco.solr.tracker.ModelTracker.ensureFirstModelSync(ModelTracker.java:236)
	at org.alfresco.solr.component.EnsureModelsComponent.prepare(EnsureModelsComponent.java:87)
	at org.apache.solr.handler.component.AlfrescoSearchHandler.handleRequestBody(AlfrescoSearchHandler.java:292)
	at org.apache.solr.handler.RequestHandlerBase.handleRequest(RequestHandlerBase.java:135)
	at org.alfresco.solr.Cloud.getResponse(Cloud.java:166)
	at org.alfresco.solr.Cloud.getSolrDocumentList(Cloud.java:150)
	at org.alfresco.solr.SolrInformationServer.getDocsWithUncleanContent(SolrInformationServer.java:722)
	at org.alfresco.solr.tracker.ContentTracker.doTrack(ContentTracker.java:81)
	at org.alfresco.solr.tracker.AbstractTracker.track(AbstractTracker.java:190)
	at org.alfresco.solr.tracker.TrackerJob.execute(TrackerJob.java:54)
	at org.quartz.core.JobRunShell.run(JobRunShell.java:216)
	at org.quartz.simpl.SimpleThreadPool$WorkerThread.run(SimpleThreadPool.java:563)
2019-01-23 09:41:00,123 ERROR [org.alfresco.solr.tracker.AbstractTracker] Tracking failed
org.alfresco.error.AlfrescoRuntimeException: 00230078 api/solr/aclchangesets return status:404
	at org.alfresco.solr.client.SOLRAPIClient.getAclChangeSets(SOLRAPIClient.java:169)
	at org.alfresco.solr.tracker.AclTracker.checkRepoAndIndexConsistency(AclTracker.java:354)
	at org.alfresco.solr.tracker.AclTracker.trackRepository(AclTracker.java:320)
	at org.alfresco.solr.tracker.AclTracker.doTrack(AclTracker.java:111)
	at org.alfresco.solr.tracker.AbstractTracker.track(AbstractTracker.java:190)
	at org.alfresco.solr.tracker.TrackerJob.execute(TrackerJob.java:54)
	at org.quartz.core.JobRunShell.run(JobRunShell.java:216)
	at org.quartz.simpl.SimpleThreadPool$WorkerThread.run(SimpleThreadPool.java:563)
2019-01-23 09:41:00,133 ERROR [org.alfresco.solr.tracker.AbstractTracker] Tracking failed
org.alfresco.error.AlfrescoRuntimeException: 00230081 GetModelsDiff return status is 404
	at org.alfresco.solr.client.SOLRAPIClient.getModelsDiff(SOLRAPIClient.java:1181)
	at org.alfresco.solr.tracker.ModelTracker.trackModelsImpl(ModelTracker.java:256)
	at org.alfresco.solr.tracker.ModelTracker.trackModels(ModelTracker.java:214)
	at org.alfresco.solr.tracker.ModelTracker.doTrack(ModelTracker.java:174)
	at org.alfresco.solr.tracker.AbstractTracker.track(AbstractTracker.java:190)
	at org.alfresco.solr.tracker.TrackerJob.execute(TrackerJob.java:54)
	at org.quartz.core.JobRunShell.run(JobRunShell.java:216)
	at org.quartz.simpl.SimpleThreadPool$WorkerThread.run(SimpleThreadPool.java:563)
2019-01-23 09:41:15,094 ERROR [org.alfresco.solr.tracker.AbstractTracker] Model tracking failed
org.alfresco.error.AlfrescoRuntimeException: 00230084 GetModelsDiff return status is 404
	at org.alfresco.solr.client.SOLRAPIClient.getModelsDiff(SOLRAPIClient.java:1181)
	at org.alfresco.solr.tracker.ModelTracker.trackModelsImpl(ModelTracker.java:256)
	at org.alfresco.solr.tracker.ModelTracker.trackModels(ModelTracker.java:214)
	at org.alfresco.solr.tracker.ModelTracker.ensureFirstModelSync(ModelTracker.java:236)
	at org.alfresco.solr.component.EnsureModelsComponent.prepare(EnsureModelsComponent.java:87)
	at org.apache.solr.handler.component.AlfrescoSearchHandler.handleRequestBody(AlfrescoSearchHandler.java:292)
	at org.apache.solr.handler.RequestHandlerBase.handleRequest(RequestHandlerBase.java:135)
	at org.alfresco.solr.Cloud.getResponse(Cloud.java:166)
	at org.alfresco.solr.Cloud.getSolrDocumentList(Cloud.java:150)
	at org.alfresco.solr.SolrInformationServer.getDocsWithUncleanContent(SolrInformationServer.java:722)
	at org.alfresco.solr.tracker.ContentTracker.doTrack(ContentTracker.java:81)
	at org.alfresco.solr.tracker.AbstractTracker.track(AbstractTracker.java:190)
	at org.alfresco.solr.tracker.TrackerJob.execute(TrackerJob.java:54)
	at org.quartz.core.JobRunShell.run(JobRunShell.java:216)
	at org.quartz.simpl.SimpleThreadPool$WorkerThread.run(SimpleThreadPool.java:563)
2019-01-23 09:41:15,140 ERROR [org.alfresco.solr.tracker.AbstractTracker] Model tracking failed
org.alfresco.error.AlfrescoRuntimeException: 00230085 GetModelsDiff return status is 404
	at org.alfresco.solr.client.SOLRAPIClient.getModelsDiff(SOLRAPIClient.java:1181)
	at org.alfresco.solr.tracker.ModelTracker.trackModelsImpl(ModelTracker.java:256)
	at org.alfresco.solr.tracker.ModelTracker.trackModels(ModelTracker.java:214)
	at org.alfresco.solr.tracker.ModelTracker.ensureFirstModelSync(ModelTracker.java:236)
	at org.alfresco.solr.component.EnsureModelsComponent.prepare(EnsureModelsComponent.java:87)
	at org.apache.solr.handler.component.AlfrescoSearchHandler.handleRequestBody(AlfrescoSearchHandler.java:292)
	at org.apache.solr.handler.RequestHandlerBase.handleRequest(RequestHandlerBase.java:135)
	at org.alfresco.solr.Cloud.getResponse(Cloud.java:166)
	at org.alfresco.solr.Cloud.getSolrDocumentList(Cloud.java:150)
	at org.alfresco.solr.SolrInformationServer.getDocsWithUncleanContent(SolrInformationServer.java:722)
	at org.alfresco.solr.tracker.ContentTracker.doTrack(ContentTracker.java:81)
	at org.alfresco.solr.tracker.AbstractTracker.track(AbstractTracker.java:190)
	at org.alfresco.solr.tracker.TrackerJob.execute(TrackerJob.java:54)
	at org.quartz.core.JobRunShell.run(JobRunShell.java:216)
	at org.quartz.simpl.SimpleThreadPool$WorkerThread.run(SimpleThreadPool.java:563)
2019-01-23 09:41:15,577 ERROR [org.alfresco.solr.tracker.AbstractTracker] Tracking failed
org.alfresco.error.AlfrescoRuntimeException: 00230083 api/solr/aclchangesets return status:404
	at org.alfresco.solr.client.SOLRAPIClient.getAclChangeSets(SOLRAPIClient.java:169)
	at org.alfresco.solr.tracker.AclTracker.checkRepoAndIndexConsistency(AclTracker.java:354)
	at org.alfresco.solr.tracker.AclTracker.trackRepository(AclTracker.java:320)
	at org.alfresco.solr.tracker.AclTracker.doTrack(AclTracker.java:111)
	at org.alfresco.solr.tracker.AbstractTracker.track(AbstractTracker.java:190)
	at org.alfresco.solr.tracker.TrackerJob.execute(TrackerJob.java:54)
	at org.quartz.core.JobRunShell.run(JobRunShell.java:216)
	at org.quartz.simpl.SimpleThreadPool$WorkerThread.run(SimpleThreadPool.java:563)
2019-01-23 09:41:15,836 ERROR [org.alfresco.solr.tracker.AbstractTracker] Tracking failed
org.alfresco.error.AlfrescoRuntimeException: 00230082 api/solr/aclchangesets return status:404
	at org.alfresco.solr.client.SOLRAPIClient.getAclChangeSets(SOLRAPIClient.java:169)
	at org.alfresco.solr.tracker.AclTracker.checkRepoAndIndexConsistency(AclTracker.java:354)
	at org.alfresco.solr.tracker.AclTracker.trackRepository(AclTracker.java:320)
	at org.alfresco.solr.tracker.AclTracker.doTrack(AclTracker.java:111)
	at org.alfresco.solr.tracker.AbstractTracker.track(AbstractTracker.java:190)
	at org.alfresco.solr.tracker.TrackerJob.execute(TrackerJob.java:54)
	at org.quartz.core.JobRunShell.run(JobRunShell.java:216)
	at org.quartz.simpl.SimpleThreadPool$WorkerThread.run(SimpleThreadPool.java:563)
2019-01-23 09:41:15,847 ERROR [org.alfresco.solr.tracker.AbstractTracker] Tracking failed
org.alfresco.error.AlfrescoRuntimeException: 00230086 GetModelsDiff return status is 404
	at org.alfresco.solr.client.SOLRAPIClient.getModelsDiff(SOLRAPIClient.java:1181)
	at org.alfresco.solr.tracker.ModelTracker.trackModelsImpl(ModelTracker.java:256)
	at org.alfresco.solr.tracker.ModelTracker.trackModels(ModelTracker.java:214)
	at org.alfresco.solr.tracker.ModelTracker.doTrack(ModelTracker.java:174)
	at org.alfresco.solr.tracker.AbstractTracker.track(AbstractTracker.java:190)
	at org.alfresco.solr.tracker.TrackerJob.execute(TrackerJob.java:54)
	at org.quartz.core.JobRunShell.run(JobRunShell.java:216)
	at org.quartz.simpl.SimpleThreadPool$WorkerThread.run(SimpleThreadPool.java:563)
2019-01-23 09:54:11,611 INFO  [org.alfresco.solr.component.AsyncBuildSuggestComponent] Initializing SuggestComponent
2019-01-23 09:54:11,611 INFO  [org.alfresco.solr.component.AsyncBuildSuggestComponent] Initializing SuggestComponent
2019-01-23 09:54:11,991 INFO  [org.alfresco.solr.component.AsyncBuildSuggestComponent] Loading suggester index for: shingleBasedSuggestions
2019-01-23 09:54:12,491 INFO  [org.alfresco.solr.component.AsyncBuildSuggestComponent] Loaded suggester shingleBasedSuggestions, took 499 ms
2019-01-23 10:12:34,665 ERROR [org.alfresco.solr.tracker.AbstractTracker] Tracking failed
org.alfresco.error.AlfrescoRuntimeException: 00230003 GetTransactions return status is 503
	at org.alfresco.solr.client.SOLRAPIClient.getTransactions(SOLRAPIClient.java:488)
	at org.alfresco.solr.client.SOLRAPIClient.getTransactions(SOLRAPIClient.java:392)
	at org.alfresco.solr.tracker.MetadataTracker.checkRepoAndIndexConsistency(MetadataTracker.java:207)
	at org.alfresco.solr.tracker.MetadataTracker.trackRepository(MetadataTracker.java:139)
	at org.alfresco.solr.tracker.MetadataTracker.doTrack(MetadataTracker.java:110)
	at org.alfresco.solr.tracker.AbstractTracker.track(AbstractTracker.java:190)
	at org.alfresco.solr.tracker.TrackerJob.execute(TrackerJob.java:54)
	at org.quartz.core.JobRunShell.run(JobRunShell.java:216)
	at org.quartz.simpl.SimpleThreadPool$WorkerThread.run(SimpleThreadPool.java:563)
2019-01-23 10:12:34,707 ERROR [org.alfresco.solr.tracker.AbstractTracker] Tracking failed
java.lang.IllegalStateException: Connection factory has been shutdown.
	at org.apache.commons.httpclient.MultiThreadedHttpConnectionManager.doGetConnection(MultiThreadedHttpConnectionManager.java:463)
	at org.apache.commons.httpclient.MultiThreadedHttpConnectionManager.getConnectionWithTimeout(MultiThreadedHttpConnectionManager.java:416)
	at org.apache.commons.httpclient.HttpMethodDirector.executeMethod(HttpMethodDirector.java:153)
	at org.apache.commons.httpclient.HttpClient.executeMethod(HttpClient.java:397)
	at org.apache.commons.httpclient.HttpClient.executeMethod(HttpClient.java:323)
	at org.alfresco.httpclient.AbstractHttpClient.executeMethod(AbstractHttpClient.java:135)
	at org.alfresco.httpclient.AbstractHttpClient.sendRemoteRequest(AbstractHttpClient.java:111)
	at org.alfresco.httpclient.HttpClientFactory$DefaultHttpClient.sendRequest(HttpClientFactory.java:430)
	at org.alfresco.solr.client.SOLRAPIClient.getModelsDiff(SOLRAPIClient.java:1178)
	at org.alfresco.solr.tracker.ModelTracker.trackModelsImpl(ModelTracker.java:256)
	at org.alfresco.solr.tracker.ModelTracker.trackModels(ModelTracker.java:228)
	at org.alfresco.solr.tracker.ModelTracker.doTrack(ModelTracker.java:174)
	at org.alfresco.solr.tracker.AbstractTracker.track(AbstractTracker.java:190)
	at org.alfresco.solr.tracker.TrackerJob.execute(TrackerJob.java:54)
	at org.quartz.core.JobRunShell.run(JobRunShell.java:216)
	at org.quartz.simpl.SimpleThreadPool$WorkerThread.run(SimpleThreadPool.java:563)
2019-01-23 10:12:34,665 ERROR [org.alfresco.solr.tracker.AbstractTracker] Tracking failed
org.alfresco.error.AlfrescoRuntimeException: 00230000 api/solr/aclchangesets return status:503
	at org.alfresco.solr.client.SOLRAPIClient.getAclChangeSets(SOLRAPIClient.java:169)
	at org.alfresco.solr.tracker.AclTracker.checkRepoAndIndexConsistency(AclTracker.java:354)
	at org.alfresco.solr.tracker.AclTracker.trackRepository(AclTracker.java:320)
	at org.alfresco.solr.tracker.AclTracker.doTrack(AclTracker.java:111)
	at org.alfresco.solr.tracker.AbstractTracker.track(AbstractTracker.java:190)
	at org.alfresco.solr.tracker.TrackerJob.execute(TrackerJob.java:54)
	at org.quartz.core.JobRunShell.run(JobRunShell.java:216)
	at org.quartz.simpl.SimpleThreadPool$WorkerThread.run(SimpleThreadPool.java:563)
2019-01-23 10:12:34,810 ERROR [org.alfresco.solr.tracker.AbstractTracker] Tracking failed
org.alfresco.error.AlfrescoRuntimeException: 00230001 GetTransactions return status is 503
	at org.alfresco.solr.client.SOLRAPIClient.getTransactions(SOLRAPIClient.java:488)
	at org.alfresco.solr.client.SOLRAPIClient.getTransactions(SOLRAPIClient.java:392)
	at org.alfresco.solr.tracker.MetadataTracker.checkRepoAndIndexConsistency(MetadataTracker.java:207)
	at org.alfresco.solr.tracker.MetadataTracker.trackRepository(MetadataTracker.java:139)
	at org.alfresco.solr.tracker.MetadataTracker.doTrack(MetadataTracker.java:110)
	at org.alfresco.solr.tracker.AbstractTracker.track(AbstractTracker.java:190)
	at org.alfresco.solr.tracker.TrackerJob.execute(TrackerJob.java:54)
	at org.quartz.core.JobRunShell.run(JobRunShell.java:216)
	at org.quartz.simpl.SimpleThreadPool$WorkerThread.run(SimpleThreadPool.java:563)
2019-01-23 10:12:34,832 ERROR [org.alfresco.solr.tracker.AbstractTracker] Tracking failed
org.alfresco.error.AlfrescoRuntimeException: 00230002 api/solr/aclchangesets return status:503
	at org.alfresco.solr.client.SOLRAPIClient.getAclChangeSets(SOLRAPIClient.java:169)
	at org.alfresco.solr.tracker.AclTracker.checkRepoAndIndexConsistency(AclTracker.java:354)
	at org.alfresco.solr.tracker.AclTracker.trackRepository(AclTracker.java:320)
	at org.alfresco.solr.tracker.AclTracker.doTrack(AclTracker.java:111)
	at org.alfresco.solr.tracker.AbstractTracker.track(AbstractTracker.java:190)
	at org.alfresco.solr.tracker.TrackerJob.execute(TrackerJob.java:54)
	at org.quartz.core.JobRunShell.run(JobRunShell.java:216)
	at org.quartz.simpl.SimpleThreadPool$WorkerThread.run(SimpleThreadPool.java:563)
2019-01-23 10:21:16,441 INFO  [org.alfresco.solr.component.AsyncBuildSuggestComponent] Initializing SuggestComponent
2019-01-23 10:21:16,953 INFO  [org.alfresco.solr.component.AsyncBuildSuggestComponent] Initializing SuggestComponent
2019-01-23 10:21:17,049 INFO  [org.alfresco.solr.component.AsyncBuildSuggestComponent] Loading suggester index for: shingleBasedSuggestions
2019-01-23 10:21:17,659 INFO  [org.alfresco.solr.component.AsyncBuildSuggestComponent] Loaded suggester shingleBasedSuggestions, took 609 ms
2019-01-23 10:21:22,241 ERROR [org.alfresco.solr.tracker.AbstractTracker] Model tracking failed
org.alfresco.error.AlfrescoRuntimeException: 00230000 GetModelsDiff return status is 404
	at org.alfresco.solr.client.SOLRAPIClient.getModelsDiff(SOLRAPIClient.java:1181)
	at org.alfresco.solr.tracker.ModelTracker.trackModelsImpl(ModelTracker.java:256)
	at org.alfresco.solr.tracker.ModelTracker.trackModels(ModelTracker.java:214)
	at org.alfresco.solr.tracker.ModelTracker.ensureFirstModelSync(ModelTracker.java:236)
	at org.alfresco.solr.tracker.CoreWatcherJob.registerForCore(CoreWatcherJob.java:145)
	at org.alfresco.solr.tracker.CoreWatcherJob.execute(CoreWatcherJob.java:82)
	at org.quartz.core.JobRunShell.run(JobRunShell.java:216)
	at org.quartz.simpl.SimpleThreadPool$WorkerThread.run(SimpleThreadPool.java:563)
2019-01-23 10:21:22,774 ERROR [org.alfresco.solr.tracker.AbstractTracker] Model tracking failed
org.alfresco.error.AlfrescoRuntimeException: 00230001 GetModelsDiff return status is 404
	at org.alfresco.solr.client.SOLRAPIClient.getModelsDiff(SOLRAPIClient.java:1181)
	at org.alfresco.solr.tracker.ModelTracker.trackModelsImpl(ModelTracker.java:256)
	at org.alfresco.solr.tracker.ModelTracker.trackModels(ModelTracker.java:214)
	at org.alfresco.solr.tracker.ModelTracker.ensureFirstModelSync(ModelTracker.java:236)
	at org.alfresco.solr.tracker.CoreWatcherJob.registerForCore(CoreWatcherJob.java:145)
	at org.alfresco.solr.tracker.CoreWatcherJob.execute(CoreWatcherJob.java:82)
	at org.quartz.core.JobRunShell.run(JobRunShell.java:216)
	at org.quartz.simpl.SimpleThreadPool$WorkerThread.run(SimpleThreadPool.java:563)
